Build started 7/1/2016 9:31:02 AM.
     1>Project "C:\Harmonus_src\libs\dcmtk-3.6.0-HAR_B\dcmsign\libsrc\dcmdsig.vcxproj" on node 3 (Build target(s)).
     1>CustomBuild:
         Building Custom Rule C:/Harmonus_src/libs/dcmtk-3.6.0/dcmsign/libsrc/CMakeLists.txt
         CMake does not need to re-run because C:\Harmonus_src\libs\dcmtk-3.6.0-HAR_B\dcmsign\libsrc\CMakeFiles\generate.stamp is up-to-date.
       ClCompile:
         C:\Program Files (x86)\Microsoft Visual Studio 12.0\VC\bin\x86_amd64\CL.exe /c /I"C:\Harmonus_src\libs\dcmtk-3.6.0-HAR_B\include" /I"C:\Harmonus_src\libs\dcmtk-3.6.0\ofstd\include" /I"C:\Harmonus_src\libs\dcmtk-3.6.0\oflog\include" /I"C:\Harmonus_src\libs\dcmtk-3.6.0\dcmdata\include" /I"C:\Harmonus_src\libs\dcmtk-3.6.0\dcmimgle\include" /I"C:\Harmonus_src\libs\dcmtk-3.6.0\dcmimage\include" /I"C:\Harmonus_src\libs\dcmtk-3.6.0\dcmjpeg\libijg8" /I"C:\Harmonus_src\libs\dcmtk-3.6.0\dcmjpeg\libijg12" /I"C:\Harmonus_src\libs\dcmtk-3.6.0\dcmjpeg\libijg16" /I"C:\Harmonus_src\libs\dcmtk-3.6.0\dcmjpeg\include" /I"C:\Harmonus_src\libs\dcmtk-3.6.0\dcmjpls\include" /I"C:\Harmonus_src\libs\dcmtk-3.6.0\dcmnet\include" /I"C:\Harmonus_src\libs\dcmtk-3.6.0\dcmpstat\include" /I"C:\Harmonus_src\libs\dcmtk-3.6.0\dcmqrdb\include" /I"C:\Harmonus_src\libs\dcmtk-3.6.0\dcmsign\include" /I"C:\Harmonus_src\libs\dcmtk-3.6.0\dcmsr\include" /I"C:\Harmonus_src\libs\dcmtk-3.6.0\dcmtls\include" /I"C:\Harmonus_src\libs\dcmtk-3.6.0\dcmwlm\include" /nologo /W3 /WX- /O2 /Ob2 /D WIN32 /D _WINDOWS /D NDEBUG /D USE_NULL_SAFE_OFSTRING /D _CRT_FAR_MAPPINGS_NO_DEPRECATE /D _CRT_IS_WCTYPE_NO_DEPRECATE /D _CRT_MANAGED_FP_NO_DEPRECATE /D _CRT_NONSTDC_NO_DEPRECATE /D _CRT_SECURE_NO_DEPRECATE /D _CRT_SECURE_NO_DEPRECATE_GLOBALS /D _CRT_SETERRORMODE_BEEP_SLEEP_NO_DEPRECATE /D _CRT_TIME_FUNCTIONS_NO_DEPRECATE /D _CRT_VCCLRIT_NO_DEPRECATE /D _SCL_SECURE_NO_DEPRECATE /D _REENTRANT /D "CMAKE_INTDIR=\"Release\"" /D _MBCS /Gm- /EHsc /MD /GS /fp:precise /Zc:wchar_t /Zc:forScope /GR /Fo"dcmdsig.dir\Release\\" /Fd"dcmdsig.dir\Release\vc120.pdb" /Gd /TP /errorReport:prompt "C:\Harmonus_src\libs\dcmtk-3.6.0\dcmsign\libsrc\dcsignat.cc" "C:\Harmonus_src\libs\dcmtk-3.6.0\dcmsign\libsrc\siautopr.cc" "C:\Harmonus_src\libs\dcmtk-3.6.0\dcmsign\libsrc\sibrsapr.cc" "C:\Harmonus_src\libs\dcmtk-3.6.0\dcmsign\libsrc\sicert.cc" "C:\Harmonus_src\libs\dcmtk-3.6.0\dcmsign\libsrc\sicertvf.cc" "C:\Harmonus_src\libs\dcmtk-3.6.0\dcmsign\libsrc\sicreapr.cc" "C:\Harmonus_src\libs\dcmtk-3.6.0\dcmsign\libsrc\sidsa.cc" "C:\Harmonus_src\libs\dcmtk-3.6.0\dcmsign\libsrc\simaccon.cc" "C:\Harmonus_src\libs\dcmtk-3.6.0\dcmsign\libsrc\simd5.cc" "C:\Harmonus_src\libs\dcmtk-3.6.0\dcmsign\libsrc\sinullpr.cc" "C:\Harmonus_src\libs\dcmtk-3.6.0\dcmsign\libsrc\siprivat.cc" "C:\Harmonus_src\libs\dcmtk-3.6.0\dcmsign\libsrc\siripemd.cc" "C:\Harmonus_src\libs\dcmtk-3.6.0\dcmsign\libsrc\sirsa.cc" "C:\Harmonus_src\libs\dcmtk-3.6.0\dcmsign\libsrc\sisha1.cc" "C:\Harmonus_src\libs\dcmtk-3.6.0\dcmsign\libsrc\sisprof.cc" "C:\Harmonus_src\libs\dcmtk-3.6.0\dcmsign\libsrc\sitypes.cc"
         dcsignat.cc
         siautopr.cc
         sibrsapr.cc
         sicert.cc
         sicertvf.cc
         sicreapr.cc
         sidsa.cc
         simaccon.cc
         simd5.cc
         sinullpr.cc
         siprivat.cc
         siripemd.cc
         sirsa.cc
         sisha1.cc
         sisprof.cc
         sitypes.cc
         Generating Code...
       Lib:
         C:\Program Files (x86)\Microsoft Visual Studio 12.0\VC\bin\x86_amd64\Lib.exe /OUT:"C:\Harmonus_src\libs\dcmtk-3.6.0-HAR_B\dcmsign\libsrc\Release\dcmdsig.lib" /NOLOGO /MACHINE:X64  /machine:x64 dcmdsig.dir\Release\dcsignat.obj
         dcmdsig.dir\Release\siautopr.obj
         dcmdsig.dir\Release\sibrsapr.obj
         dcmdsig.dir\Release\sicert.obj
         dcmdsig.dir\Release\sicertvf.obj
         dcmdsig.dir\Release\sicreapr.obj
         dcmdsig.dir\Release\sidsa.obj
         dcmdsig.dir\Release\simaccon.obj
         dcmdsig.dir\Release\simd5.obj
         dcmdsig.dir\Release\sinullpr.obj
         dcmdsig.dir\Release\siprivat.obj
         dcmdsig.dir\Release\siripemd.obj
         dcmdsig.dir\Release\sirsa.obj
         dcmdsig.dir\Release\sisha1.obj
         dcmdsig.dir\Release\sisprof.obj
         dcmdsig.dir\Release\sitypes.obj
         dcmdsig.vcxproj -> C:\Harmonus_src\libs\dcmtk-3.6.0-HAR_B\dcmsign\libsrc\Release\dcmdsig.lib
     1>Done Building Project "C:\Harmonus_src\libs\dcmtk-3.6.0-HAR_B\dcmsign\libsrc\dcmdsig.vcxproj" (Build target(s)).

Build succeeded.

Time Elapsed 00:00:07.52
