Build started 7/1/2016 9:35:45 AM.
     1>Project "C:\Harmonus_src\libs\dcmtk-3.6.0-HAR_B\INSTALL.vcxproj" on node 2 (Build target(s)).
     1>PostBuildEvent:
         setlocal
         "C:\Program Files (x86)\CMake\bin\cmake.exe" -DBUILD_TYPE=Release -P cmake_install.cmake
         if %errorlevel% neq 0 goto :cmEnd
         :cmEnd
         endlocal & call :cmErrorLevel %errorlevel% & goto :cmDone
         :cmErrorLevel
         exit /b %1
         :cmDone
         if %errorlevel% neq 0 goto :VCEnd
         :VCEnd
         -- Install configuration: "Release"
         -- Installing: C:/Harmonus_src/libs/dcmtk-3.6.0-HAR_I/include/dcmtk/config/osconfig.h
         -- Installing: C:/Harmonus_src/libs/dcmtk-3.6.0-HAR_I/share/doc/dcmtk/ANNOUNCE.360
         -- Installing: C:/Harmonus_src/libs/dcmtk-3.6.0-HAR_I/share/doc/dcmtk/CHANGES.360
         -- Installing: C:/Harmonus_src/libs/dcmtk-3.6.0-HAR_I/share/doc/dcmtk/COPYRIGHT
         -- Installing: C:/Harmonus_src/libs/dcmtk-3.6.0-HAR_I/share/doc/dcmtk/FAQ
         -- Installing: C:/Harmonus_src/libs/dcmtk-3.6.0-HAR_I/share/doc/dcmtk/HISTORY
         -- Installing: C:/Harmonus_src/libs/dcmtk-3.6.0-HAR_I/share/doc/dcmtk/VERSION
         -- Installing: C:/Harmonus_src/libs/dcmtk-3.6.0-HAR_I/share/doc/dcmtk/config.txt
         -- Installing: C:/Harmonus_src/libs/dcmtk-3.6.0-HAR_I/share/doc/dcmtk/dirstruc.txt
         -- Installing: C:/Harmonus_src/libs/dcmtk-3.6.0-HAR_I/share/doc/dcmtk/envvars.txt
         -- Installing: C:/Harmonus_src/libs/dcmtk-3.6.0-HAR_I/share/doc/dcmtk/macros.txt
         -- Installing: C:/Harmonus_src/libs/dcmtk-3.6.0-HAR_I/share/doc/dcmtk/modules.txt
         -- Installing: C:/Harmonus_src/libs/dcmtk-3.6.0-HAR_I/lib/ofstd.lib
         -- Installing: C:/Harmonus_src/libs/dcmtk-3.6.0-HAR_I/include/dcmtk/ofstd/ofalgo.h
         -- Installing: C:/Harmonus_src/libs/dcmtk-3.6.0-HAR_I/include/dcmtk/ofstd/ofaptr.h
         -- Installing: C:/Harmonus_src/libs/dcmtk-3.6.0-HAR_I/include/dcmtk/ofstd/ofbmanip.h
         -- Installing: C:/Harmonus_src/libs/dcmtk-3.6.0-HAR_I/include/dcmtk/ofstd/ofcast.h
         -- Installing: C:/Harmonus_src/libs/dcmtk-3.6.0-HAR_I/include/dcmtk/ofstd/ofcmdln.h
         -- Installing: C:/Harmonus_src/libs/dcmtk-3.6.0-HAR_I/include/dcmtk/ofstd/ofconapp.h
         -- Installing: C:/Harmonus_src/libs/dcmtk-3.6.0-HAR_I/include/dcmtk/ofstd/ofcond.h
         -- Installing: C:/Harmonus_src/libs/dcmtk-3.6.0-HAR_I/include/dcmtk/ofstd/ofconfig.h
         -- Installing: C:/Harmonus_src/libs/dcmtk-3.6.0-HAR_I/include/dcmtk/ofstd/ofconsol.h
         -- Installing: C:/Harmonus_src/libs/dcmtk-3.6.0-HAR_I/include/dcmtk/ofstd/ofcrc32.h
         -- Installing: C:/Harmonus_src/libs/dcmtk-3.6.0-HAR_I/include/dcmtk/ofstd/ofdate.h
         -- Installing: C:/Harmonus_src/libs/dcmtk-3.6.0-HAR_I/include/dcmtk/ofstd/ofdatime.h
         -- Installing: C:/Harmonus_src/libs/dcmtk-3.6.0-HAR_I/include/dcmtk/ofstd/ofdefine.h
         -- Installing: C:/Harmonus_src/libs/dcmtk-3.6.0-HAR_I/include/dcmtk/ofstd/offile.h
         -- Installing: C:/Harmonus_src/libs/dcmtk-3.6.0-HAR_I/include/dcmtk/ofstd/offname.h
         -- Installing: C:/Harmonus_src/libs/dcmtk-3.6.0-HAR_I/include/dcmtk/ofstd/ofglobal.h
         -- Installing: C:/Harmonus_src/libs/dcmtk-3.6.0-HAR_I/include/dcmtk/ofstd/oflist.h
         -- Installing: C:/Harmonus_src/libs/dcmtk-3.6.0-HAR_I/include/dcmtk/ofstd/ofmap.h
         -- Installing: C:/Harmonus_src/libs/dcmtk-3.6.0-HAR_I/include/dcmtk/ofstd/ofoset.h
         -- Installing: C:/Harmonus_src/libs/dcmtk-3.6.0-HAR_I/include/dcmtk/ofstd/ofset.h
         -- Installing: C:/Harmonus_src/libs/dcmtk-3.6.0-HAR_I/include/dcmtk/ofstd/ofsetit.h
         -- Installing: C:/Harmonus_src/libs/dcmtk-3.6.0-HAR_I/include/dcmtk/ofstd/ofstack.h
         -- Installing: C:/Harmonus_src/libs/dcmtk-3.6.0-HAR_I/include/dcmtk/ofstd/ofstd.h
         -- Installing: C:/Harmonus_src/libs/dcmtk-3.6.0-HAR_I/include/dcmtk/ofstd/ofstdinc.h
         -- Installing: C:/Harmonus_src/libs/dcmtk-3.6.0-HAR_I/include/dcmtk/ofstd/ofstream.h
         -- Installing: C:/Harmonus_src/libs/dcmtk-3.6.0-HAR_I/include/dcmtk/ofstd/ofstring.h
         -- Installing: C:/Harmonus_src/libs/dcmtk-3.6.0-HAR_I/include/dcmtk/ofstd/ofthread.h
         -- Installing: C:/Harmonus_src/libs/dcmtk-3.6.0-HAR_I/include/dcmtk/ofstd/oftime.h
         -- Installing: C:/Harmonus_src/libs/dcmtk-3.6.0-HAR_I/include/dcmtk/ofstd/oftimer.h
         -- Installing: C:/Harmonus_src/libs/dcmtk-3.6.0-HAR_I/include/dcmtk/ofstd/oftypes.h
         -- Installing: C:/Harmonus_src/libs/dcmtk-3.6.0-HAR_I/include/dcmtk/ofstd/ofuoset.h
         -- Installing: C:/Harmonus_src/libs/dcmtk-3.6.0-HAR_I/include/dcmtk/ofstd/ofvector.h
         -- Installing: C:/Harmonus_src/libs/dcmtk-3.6.0-HAR_I/lib/oflog.lib
         -- Installing: C:/Harmonus_src/libs/dcmtk-3.6.0-HAR_I/include/dcmtk/oflog/appender.h
         -- Installing: C:/Harmonus_src/libs/dcmtk-3.6.0-HAR_I/include/dcmtk/oflog/config.h
         -- Installing: C:/Harmonus_src/libs/dcmtk-3.6.0-HAR_I/include/dcmtk/oflog/configrt.h
         -- Installing: C:/Harmonus_src/libs/dcmtk-3.6.0-HAR_I/include/dcmtk/oflog/consap.h
         -- Installing: C:/Harmonus_src/libs/dcmtk-3.6.0-HAR_I/include/dcmtk/oflog/fileap.h
         -- Installing: C:/Harmonus_src/libs/dcmtk-3.6.0-HAR_I/include/dcmtk/oflog/fstreams.h
         -- Installing: C:/Harmonus_src/libs/dcmtk-3.6.0-HAR_I/include/dcmtk/oflog/hierarchy.h
         -- Installing: C:/Harmonus_src/libs/dcmtk-3.6.0-HAR_I/include/dcmtk/oflog/hierlock.h
         -- Installing: C:/Harmonus_src/libs/dcmtk-3.6.0-HAR_I/include/dcmtk/oflog/layout.h
         -- Installing: C:/Harmonus_src/libs/dcmtk-3.6.0-HAR_I/include/dcmtk/oflog/logger.h
         -- Installing: C:/Harmonus_src/libs/dcmtk-3.6.0-HAR_I/include/dcmtk/oflog/loglevel.h
         -- Installing: C:/Harmonus_src/libs/dcmtk-3.6.0-HAR_I/include/dcmtk/oflog/logmacro.h
         -- Installing: C:/Harmonus_src/libs/dcmtk-3.6.0-HAR_I/include/dcmtk/oflog/ndc.h
         -- Installing: C:/Harmonus_src/libs/dcmtk-3.6.0-HAR_I/include/dcmtk/oflog/ntelogap.h
         -- Installing: C:/Harmonus_src/libs/dcmtk-3.6.0-HAR_I/include/dcmtk/oflog/nullap.h
         -- Installing: C:/Harmonus_src/libs/dcmtk-3.6.0-HAR_I/include/dcmtk/oflog/oflog.h
         -- Installing: C:/Harmonus_src/libs/dcmtk-3.6.0-HAR_I/include/dcmtk/oflog/socketap.h
         -- Installing: C:/Harmonus_src/libs/dcmtk-3.6.0-HAR_I/include/dcmtk/oflog/streams.h
         -- Installing: C:/Harmonus_src/libs/dcmtk-3.6.0-HAR_I/include/dcmtk/oflog/syslogap.h
         -- Installing: C:/Harmonus_src/libs/dcmtk-3.6.0-HAR_I/include/dcmtk/oflog/tstring.h
         -- Installing: C:/Harmonus_src/libs/dcmtk-3.6.0-HAR_I/include/dcmtk/oflog/winconap.h
         -- Installing: C:/Harmonus_src/libs/dcmtk-3.6.0-HAR_I/include/dcmtk/oflog/windebap.h
         -- Installing: C:/Harmonus_src/libs/dcmtk-3.6.0-HAR_I/include/dcmtk/oflog/config/defines.h
         -- Installing: C:/Harmonus_src/libs/dcmtk-3.6.0-HAR_I/include/dcmtk/oflog/config/macosx.h
         -- Installing: C:/Harmonus_src/libs/dcmtk-3.6.0-HAR_I/include/dcmtk/oflog/config/win32.h
         -- Installing: C:/Harmonus_src/libs/dcmtk-3.6.0-HAR_I/include/dcmtk/oflog/helpers/apndimpl.h
         -- Installing: C:/Harmonus_src/libs/dcmtk-3.6.0-HAR_I/include/dcmtk/oflog/helpers/lloguser.h
         -- Installing: C:/Harmonus_src/libs/dcmtk-3.6.0-HAR_I/include/dcmtk/oflog/helpers/loglog.h
         -- Installing: C:/Harmonus_src/libs/dcmtk-3.6.0-HAR_I/include/dcmtk/oflog/helpers/pointer.h
         -- Installing: C:/Harmonus_src/libs/dcmtk-3.6.0-HAR_I/include/dcmtk/oflog/helpers/property.h
         -- Installing: C:/Harmonus_src/libs/dcmtk-3.6.0-HAR_I/include/dcmtk/oflog/helpers/sleep.h
         -- Installing: C:/Harmonus_src/libs/dcmtk-3.6.0-HAR_I/include/dcmtk/oflog/helpers/sockbuff.h
         -- Installing: C:/Harmonus_src/libs/dcmtk-3.6.0-HAR_I/include/dcmtk/oflog/helpers/socket.h
         -- Installing: C:/Harmonus_src/libs/dcmtk-3.6.0-HAR_I/include/dcmtk/oflog/helpers/strhelp.h
         -- Installing: C:/Harmonus_src/libs/dcmtk-3.6.0-HAR_I/include/dcmtk/oflog/helpers/syncppth.h
         -- Installing: C:/Harmonus_src/libs/dcmtk-3.6.0-HAR_I/include/dcmtk/oflog/helpers/syncprims.h
         -- Installing: C:/Harmonus_src/libs/dcmtk-3.6.0-HAR_I/include/dcmtk/oflog/helpers/syncpwin.h
         -- Installing: C:/Harmonus_src/libs/dcmtk-3.6.0-HAR_I/include/dcmtk/oflog/helpers/threadcf.h
         -- Installing: C:/Harmonus_src/libs/dcmtk-3.6.0-HAR_I/include/dcmtk/oflog/helpers/threads.h
         -- Installing: C:/Harmonus_src/libs/dcmtk-3.6.0-HAR_I/include/dcmtk/oflog/helpers/timehelp.h
         -- Installing: C:/Harmonus_src/libs/dcmtk-3.6.0-HAR_I/include/dcmtk/oflog/spi/apndatch.h
         -- Installing: C:/Harmonus_src/libs/dcmtk-3.6.0-HAR_I/include/dcmtk/oflog/spi/factory.h
         -- Installing: C:/Harmonus_src/libs/dcmtk-3.6.0-HAR_I/include/dcmtk/oflog/spi/filter.h
         -- Installing: C:/Harmonus_src/libs/dcmtk-3.6.0-HAR_I/include/dcmtk/oflog/spi/logevent.h
         -- Installing: C:/Harmonus_src/libs/dcmtk-3.6.0-HAR_I/include/dcmtk/oflog/spi/logfact.h
         -- Installing: C:/Harmonus_src/libs/dcmtk-3.6.0-HAR_I/include/dcmtk/oflog/spi/logimpl.h
         -- Installing: C:/Harmonus_src/libs/dcmtk-3.6.0-HAR_I/include/dcmtk/oflog/spi/objreg.h
         -- Installing: C:/Harmonus_src/libs/dcmtk-3.6.0-HAR_I/include/dcmtk/oflog/spi/rootlog.h
         -- Installing: C:/Harmonus_src/libs/dcmtk-3.6.0-HAR_I/etc/dcmtk/filelog.cfg
         -- Installing: C:/Harmonus_src/libs/dcmtk-3.6.0-HAR_I/etc/dcmtk/logger.cfg
         -- Installing: C:/Harmonus_src/libs/dcmtk-3.6.0-HAR_I/lib/dcmdata.lib
         -- Installing: C:/Harmonus_src/libs/dcmtk-3.6.0-HAR_I/lib/libi2d.lib
         -- Installing: C:/Harmonus_src/libs/dcmtk-3.6.0-HAR_I/bin/xml2dcm.exe
         -- Installing: C:/Harmonus_src/libs/dcmtk-3.6.0-HAR_I/bin/dcm2xml.exe
         -- Installing: C:/Harmonus_src/libs/dcmtk-3.6.0-HAR_I/bin/dcmdump.exe
         -- Installing: C:/Harmonus_src/libs/dcmtk-3.6.0-HAR_I/bin/dump2dcm.exe
         -- Installing: C:/Harmonus_src/libs/dcmtk-3.6.0-HAR_I/bin/dcmconv.exe
         -- Installing: C:/Harmonus_src/libs/dcmtk-3.6.0-HAR_I/bin/dcmcrle.exe
         -- Installing: C:/Harmonus_src/libs/dcmtk-3.6.0-HAR_I/bin/dcmdrle.exe
         -- Installing: C:/Harmonus_src/libs/dcmtk-3.6.0-HAR_I/bin/dcmgpdir.exe
         -- Installing: C:/Harmonus_src/libs/dcmtk-3.6.0-HAR_I/bin/pdf2dcm.exe
         -- Installing: C:/Harmonus_src/libs/dcmtk-3.6.0-HAR_I/bin/dcmftest.exe
         -- Installing: C:/Harmonus_src/libs/dcmtk-3.6.0-HAR_I/bin/dcm2pdf.exe
         -- Installing: C:/Harmonus_src/libs/dcmtk-3.6.0-HAR_I/bin/img2dcm.exe
         -- Installing: C:/Harmonus_src/libs/dcmtk-3.6.0-HAR_I/bin/dcmodify.exe
         -- Installing: C:/Harmonus_src/libs/dcmtk-3.6.0-HAR_I/include/dcmtk/dcmdata/cmdlnarg.h
         -- Installing: C:/Harmonus_src/libs/dcmtk-3.6.0-HAR_I/include/dcmtk/dcmdata/dcbytstr.h
         -- Installing: C:/Harmonus_src/libs/dcmtk-3.6.0-HAR_I/include/dcmtk/dcmdata/dcchrstr.h
         -- Installing: C:/Harmonus_src/libs/dcmtk-3.6.0-HAR_I/include/dcmtk/dcmdata/dccodec.h
         -- Installing: C:/Harmonus_src/libs/dcmtk-3.6.0-HAR_I/include/dcmtk/dcmdata/dcdatset.h
         -- Installing: C:/Harmonus_src/libs/dcmtk-3.6.0-HAR_I/include/dcmtk/dcmdata/dcddirif.h
         -- Installing: C:/Harmonus_src/libs/dcmtk-3.6.0-HAR_I/include/dcmtk/dcmdata/dcdeftag.h
         -- Installing: C:/Harmonus_src/libs/dcmtk-3.6.0-HAR_I/include/dcmtk/dcmdata/dcdicdir.h
         -- Installing: C:/Harmonus_src/libs/dcmtk-3.6.0-HAR_I/include/dcmtk/dcmdata/dcdicent.h
         -- Installing: C:/Harmonus_src/libs/dcmtk-3.6.0-HAR_I/include/dcmtk/dcmdata/dcdict.h
         -- Installing: C:/Harmonus_src/libs/dcmtk-3.6.0-HAR_I/include/dcmtk/dcmdata/dcdirrec.h
         -- Installing: C:/Harmonus_src/libs/dcmtk-3.6.0-HAR_I/include/dcmtk/dcmdata/dcelem.h
         -- Installing: C:/Harmonus_src/libs/dcmtk-3.6.0-HAR_I/include/dcmtk/dcmdata/dcerror.h
         -- Installing: C:/Harmonus_src/libs/dcmtk-3.6.0-HAR_I/include/dcmtk/dcmdata/dcfcache.h
         -- Installing: C:/Harmonus_src/libs/dcmtk-3.6.0-HAR_I/include/dcmtk/dcmdata/dcfilefo.h
         -- Installing: C:/Harmonus_src/libs/dcmtk-3.6.0-HAR_I/include/dcmtk/dcmdata/dchashdi.h
         -- Installing: C:/Harmonus_src/libs/dcmtk-3.6.0-HAR_I/include/dcmtk/dcmdata/dcistrma.h
         -- Installing: C:/Harmonus_src/libs/dcmtk-3.6.0-HAR_I/include/dcmtk/dcmdata/dcistrmb.h
         -- Installing: C:/Harmonus_src/libs/dcmtk-3.6.0-HAR_I/include/dcmtk/dcmdata/dcistrmf.h
         -- Installing: C:/Harmonus_src/libs/dcmtk-3.6.0-HAR_I/include/dcmtk/dcmdata/dcistrmz.h
         -- Installing: C:/Harmonus_src/libs/dcmtk-3.6.0-HAR_I/include/dcmtk/dcmdata/dcitem.h
         -- Installing: C:/Harmonus_src/libs/dcmtk-3.6.0-HAR_I/include/dcmtk/dcmdata/dclist.h
         -- Installing: C:/Harmonus_src/libs/dcmtk-3.6.0-HAR_I/include/dcmtk/dcmdata/dcmetinf.h
         -- Installing: C:/Harmonus_src/libs/dcmtk-3.6.0-HAR_I/include/dcmtk/dcmdata/dcobject.h
         -- Installing: C:/Harmonus_src/libs/dcmtk-3.6.0-HAR_I/include/dcmtk/dcmdata/dcofsetl.h
         -- Installing: C:/Harmonus_src/libs/dcmtk-3.6.0-HAR_I/include/dcmtk/dcmdata/dcostrma.h
         -- Installing: C:/Harmonus_src/libs/dcmtk-3.6.0-HAR_I/include/dcmtk/dcmdata/dcostrmb.h
         -- Installing: C:/Harmonus_src/libs/dcmtk-3.6.0-HAR_I/include/dcmtk/dcmdata/dcostrmf.h
         -- Installing: C:/Harmonus_src/libs/dcmtk-3.6.0-HAR_I/include/dcmtk/dcmdata/dcostrmz.h
         -- Installing: C:/Harmonus_src/libs/dcmtk-3.6.0-HAR_I/include/dcmtk/dcmdata/dcovlay.h
         -- Installing: C:/Harmonus_src/libs/dcmtk-3.6.0-HAR_I/include/dcmtk/dcmdata/dcpath.h
         -- Installing: C:/Harmonus_src/libs/dcmtk-3.6.0-HAR_I/include/dcmtk/dcmdata/dcpcache.h
         -- Installing: C:/Harmonus_src/libs/dcmtk-3.6.0-HAR_I/include/dcmtk/dcmdata/dcpixel.h
         -- Installing: C:/Harmonus_src/libs/dcmtk-3.6.0-HAR_I/include/dcmtk/dcmdata/dcpixseq.h
         -- Installing: C:/Harmonus_src/libs/dcmtk-3.6.0-HAR_I/include/dcmtk/dcmdata/dcpxitem.h
         -- Installing: C:/Harmonus_src/libs/dcmtk-3.6.0-HAR_I/include/dcmtk/dcmdata/dcrleccd.h
         -- Installing: C:/Harmonus_src/libs/dcmtk-3.6.0-HAR_I/include/dcmtk/dcmdata/dcrlecce.h
         -- Installing: C:/Harmonus_src/libs/dcmtk-3.6.0-HAR_I/include/dcmtk/dcmdata/dcrlecp.h
         -- Installing: C:/Harmonus_src/libs/dcmtk-3.6.0-HAR_I/include/dcmtk/dcmdata/dcrledec.h
         -- Installing: C:/Harmonus_src/libs/dcmtk-3.6.0-HAR_I/include/dcmtk/dcmdata/dcrledrg.h
         -- Installing: C:/Harmonus_src/libs/dcmtk-3.6.0-HAR_I/include/dcmtk/dcmdata/dcrleenc.h
         -- Installing: C:/Harmonus_src/libs/dcmtk-3.6.0-HAR_I/include/dcmtk/dcmdata/dcrleerg.h
         -- Installing: C:/Harmonus_src/libs/dcmtk-3.6.0-HAR_I/include/dcmtk/dcmdata/dcrlerp.h
         -- Installing: C:/Harmonus_src/libs/dcmtk-3.6.0-HAR_I/include/dcmtk/dcmdata/dcsequen.h
         -- Installing: C:/Harmonus_src/libs/dcmtk-3.6.0-HAR_I/include/dcmtk/dcmdata/dcstack.h
         -- Installing: C:/Harmonus_src/libs/dcmtk-3.6.0-HAR_I/include/dcmtk/dcmdata/dcswap.h
         -- Installing: C:/Harmonus_src/libs/dcmtk-3.6.0-HAR_I/include/dcmtk/dcmdata/dctag.h
         -- Installing: C:/Harmonus_src/libs/dcmtk-3.6.0-HAR_I/include/dcmtk/dcmdata/dctagkey.h
         -- Installing: C:/Harmonus_src/libs/dcmtk-3.6.0-HAR_I/include/dcmtk/dcmdata/dctk.h
         -- Installing: C:/Harmonus_src/libs/dcmtk-3.6.0-HAR_I/include/dcmtk/dcmdata/dctypes.h
         -- Installing: C:/Harmonus_src/libs/dcmtk-3.6.0-HAR_I/include/dcmtk/dcmdata/dcuid.h
         -- Installing: C:/Harmonus_src/libs/dcmtk-3.6.0-HAR_I/include/dcmtk/dcmdata/dcvm.h
         -- Installing: C:/Harmonus_src/libs/dcmtk-3.6.0-HAR_I/include/dcmtk/dcmdata/dcvr.h
         -- Installing: C:/Harmonus_src/libs/dcmtk-3.6.0-HAR_I/include/dcmtk/dcmdata/dcvrae.h
         -- Installing: C:/Harmonus_src/libs/dcmtk-3.6.0-HAR_I/include/dcmtk/dcmdata/dcvras.h
         -- Installing: C:/Harmonus_src/libs/dcmtk-3.6.0-HAR_I/include/dcmtk/dcmdata/dcvrat.h
         -- Installing: C:/Harmonus_src/libs/dcmtk-3.6.0-HAR_I/include/dcmtk/dcmdata/dcvrcs.h
         -- Installing: C:/Harmonus_src/libs/dcmtk-3.6.0-HAR_I/include/dcmtk/dcmdata/dcvrda.h
         -- Installing: C:/Harmonus_src/libs/dcmtk-3.6.0-HAR_I/include/dcmtk/dcmdata/dcvrds.h
         -- Installing: C:/Harmonus_src/libs/dcmtk-3.6.0-HAR_I/include/dcmtk/dcmdata/dcvrdt.h
         -- Installing: C:/Harmonus_src/libs/dcmtk-3.6.0-HAR_I/include/dcmtk/dcmdata/dcvrfd.h
         -- Installing: C:/Harmonus_src/libs/dcmtk-3.6.0-HAR_I/include/dcmtk/dcmdata/dcvrfl.h
         -- Installing: C:/Harmonus_src/libs/dcmtk-3.6.0-HAR_I/include/dcmtk/dcmdata/dcvris.h
         -- Installing: C:/Harmonus_src/libs/dcmtk-3.6.0-HAR_I/include/dcmtk/dcmdata/dcvrlo.h
         -- Installing: C:/Harmonus_src/libs/dcmtk-3.6.0-HAR_I/include/dcmtk/dcmdata/dcvrlt.h
         -- Installing: C:/Harmonus_src/libs/dcmtk-3.6.0-HAR_I/include/dcmtk/dcmdata/dcvrobow.h
         -- Installing: C:/Harmonus_src/libs/dcmtk-3.6.0-HAR_I/include/dcmtk/dcmdata/dcvrof.h
         -- Installing: C:/Harmonus_src/libs/dcmtk-3.6.0-HAR_I/include/dcmtk/dcmdata/dcvrpn.h
         -- Installing: C:/Harmonus_src/libs/dcmtk-3.6.0-HAR_I/include/dcmtk/dcmdata/dcvrpobw.h
         -- Installing: C:/Harmonus_src/libs/dcmtk-3.6.0-HAR_I/include/dcmtk/dcmdata/dcvrsh.h
         -- Installing: C:/Harmonus_src/libs/dcmtk-3.6.0-HAR_I/include/dcmtk/dcmdata/dcvrsl.h
         -- Installing: C:/Harmonus_src/libs/dcmtk-3.6.0-HAR_I/include/dcmtk/dcmdata/dcvrss.h
         -- Installing: C:/Harmonus_src/libs/dcmtk-3.6.0-HAR_I/include/dcmtk/dcmdata/dcvrst.h
         -- Installing: C:/Harmonus_src/libs/dcmtk-3.6.0-HAR_I/include/dcmtk/dcmdata/dcvrtm.h
         -- Installing: C:/Harmonus_src/libs/dcmtk-3.6.0-HAR_I/include/dcmtk/dcmdata/dcvrui.h
         -- Installing: C:/Harmonus_src/libs/dcmtk-3.6.0-HAR_I/include/dcmtk/dcmdata/dcvrul.h
         -- Installing: C:/Harmonus_src/libs/dcmtk-3.6.0-HAR_I/include/dcmtk/dcmdata/dcvrulup.h
         -- Installing: C:/Harmonus_src/libs/dcmtk-3.6.0-HAR_I/include/dcmtk/dcmdata/dcvrus.h
         -- Installing: C:/Harmonus_src/libs/dcmtk-3.6.0-HAR_I/include/dcmtk/dcmdata/dcvrut.h
         -- Installing: C:/Harmonus_src/libs/dcmtk-3.6.0-HAR_I/include/dcmtk/dcmdata/dcwcache.h
         -- Installing: C:/Harmonus_src/libs/dcmtk-3.6.0-HAR_I/include/dcmtk/dcmdata/dcxfer.h
         -- Installing: C:/Harmonus_src/libs/dcmtk-3.6.0-HAR_I/include/dcmtk/dcmdata/vrscan.h
         -- Installing: C:/Harmonus_src/libs/dcmtk-3.6.0-HAR_I/include/dcmtk/dcmdata/libi2d/i2d.h
         -- Installing: C:/Harmonus_src/libs/dcmtk-3.6.0-HAR_I/include/dcmtk/dcmdata/libi2d/i2dbmps.h
         -- Installing: C:/Harmonus_src/libs/dcmtk-3.6.0-HAR_I/include/dcmtk/dcmdata/libi2d/i2dimgs.h
         -- Installing: C:/Harmonus_src/libs/dcmtk-3.6.0-HAR_I/include/dcmtk/dcmdata/libi2d/i2djpgs.h
         -- Installing: C:/Harmonus_src/libs/dcmtk-3.6.0-HAR_I/include/dcmtk/dcmdata/libi2d/i2doutpl.h
         -- Installing: C:/Harmonus_src/libs/dcmtk-3.6.0-HAR_I/include/dcmtk/dcmdata/libi2d/i2dplnsc.h
         -- Installing: C:/Harmonus_src/libs/dcmtk-3.6.0-HAR_I/include/dcmtk/dcmdata/libi2d/i2dplsc.h
         -- Installing: C:/Harmonus_src/libs/dcmtk-3.6.0-HAR_I/include/dcmtk/dcmdata/libi2d/i2dplvlp.h
         -- Installing: C:/Harmonus_src/libs/dcmtk-3.6.0-HAR_I/share/doc/dcmtk/datadict.txt
         -- Installing: C:/Harmonus_src/libs/dcmtk-3.6.0-HAR_I/share/dcmtk/dicom.dic
         -- Installing: C:/Harmonus_src/libs/dcmtk-3.6.0-HAR_I/share/dcmtk/private.dic
         -- Installing: C:/Harmonus_src/libs/dcmtk-3.6.0-HAR_I/share/dcmtk/diconde.dic
         -- Installing: C:/Harmonus_src/libs/dcmtk-3.6.0-HAR_I/share/dcmtk/dcm2xml.dtd
         -- Installing: C:/Harmonus_src/libs/dcmtk-3.6.0-HAR_I/share/dcmtk/dumppat.txt
         -- Installing: C:/Harmonus_src/libs/dcmtk-3.6.0-HAR_I/share/dcmtk/SC.dump
         -- Installing: C:/Harmonus_src/libs/dcmtk-3.6.0-HAR_I/share/dcmtk/VLP.dump
         -- Installing: C:/Harmonus_src/libs/dcmtk-3.6.0-HAR_I/lib/dcmimgle.lib
         -- Installing: C:/Harmonus_src/libs/dcmtk-3.6.0-HAR_I/bin/dcmdspfn.exe
         -- Installing: C:/Harmonus_src/libs/dcmtk-3.6.0-HAR_I/bin/dcod2lum.exe
         -- Installing: C:/Harmonus_src/libs/dcmtk-3.6.0-HAR_I/bin/dconvlum.exe
         -- Installing: C:/Harmonus_src/libs/dcmtk-3.6.0-HAR_I/include/dcmtk/dcmimgle/dcmimage.h
         -- Installing: C:/Harmonus_src/libs/dcmtk-3.6.0-HAR_I/include/dcmtk/dcmimgle/dibaslut.h
         -- Installing: C:/Harmonus_src/libs/dcmtk-3.6.0-HAR_I/include/dcmtk/dcmimgle/diciefn.h
         -- Installing: C:/Harmonus_src/libs/dcmtk-3.6.0-HAR_I/include/dcmtk/dcmimgle/dicielut.h
         -- Installing: C:/Harmonus_src/libs/dcmtk-3.6.0-HAR_I/include/dcmtk/dcmimgle/dicrvfit.h
         -- Installing: C:/Harmonus_src/libs/dcmtk-3.6.0-HAR_I/include/dcmtk/dcmimgle/didislut.h
         -- Installing: C:/Harmonus_src/libs/dcmtk-3.6.0-HAR_I/include/dcmtk/dcmimgle/didispfn.h
         -- Installing: C:/Harmonus_src/libs/dcmtk-3.6.0-HAR_I/include/dcmtk/dcmimgle/didocu.h
         -- Installing: C:/Harmonus_src/libs/dcmtk-3.6.0-HAR_I/include/dcmtk/dcmimgle/diflipt.h
         -- Installing: C:/Harmonus_src/libs/dcmtk-3.6.0-HAR_I/include/dcmtk/dcmimgle/digsdfn.h
         -- Installing: C:/Harmonus_src/libs/dcmtk-3.6.0-HAR_I/include/dcmtk/dcmimgle/digsdlut.h
         -- Installing: C:/Harmonus_src/libs/dcmtk-3.6.0-HAR_I/include/dcmtk/dcmimgle/diimage.h
         -- Installing: C:/Harmonus_src/libs/dcmtk-3.6.0-HAR_I/include/dcmtk/dcmimgle/diinpx.h
         -- Installing: C:/Harmonus_src/libs/dcmtk-3.6.0-HAR_I/include/dcmtk/dcmimgle/diinpxt.h
         -- Installing: C:/Harmonus_src/libs/dcmtk-3.6.0-HAR_I/include/dcmtk/dcmimgle/diluptab.h
         -- Installing: C:/Harmonus_src/libs/dcmtk-3.6.0-HAR_I/include/dcmtk/dcmimgle/dimo1img.h
         -- Installing: C:/Harmonus_src/libs/dcmtk-3.6.0-HAR_I/include/dcmtk/dcmimgle/dimo2img.h
         -- Installing: C:/Harmonus_src/libs/dcmtk-3.6.0-HAR_I/include/dcmtk/dcmimgle/dimocpt.h
         -- Installing: C:/Harmonus_src/libs/dcmtk-3.6.0-HAR_I/include/dcmtk/dcmimgle/dimoflt.h
         -- Installing: C:/Harmonus_src/libs/dcmtk-3.6.0-HAR_I/include/dcmtk/dcmimgle/dimoimg.h
         -- Installing: C:/Harmonus_src/libs/dcmtk-3.6.0-HAR_I/include/dcmtk/dcmimgle/dimoipxt.h
         -- Installing: C:/Harmonus_src/libs/dcmtk-3.6.0-HAR_I/include/dcmtk/dcmimgle/dimomod.h
         -- Installing: C:/Harmonus_src/libs/dcmtk-3.6.0-HAR_I/include/dcmtk/dcmimgle/dimoopx.h
         -- Installing: C:/Harmonus_src/libs/dcmtk-3.6.0-HAR_I/include/dcmtk/dcmimgle/dimoopxt.h
         -- Installing: C:/Harmonus_src/libs/dcmtk-3.6.0-HAR_I/include/dcmtk/dcmimgle/dimopx.h
         -- Installing: C:/Harmonus_src/libs/dcmtk-3.6.0-HAR_I/include/dcmtk/dcmimgle/dimopxt.h
         -- Installing: C:/Harmonus_src/libs/dcmtk-3.6.0-HAR_I/include/dcmtk/dcmimgle/dimorot.h
         -- Installing: C:/Harmonus_src/libs/dcmtk-3.6.0-HAR_I/include/dcmtk/dcmimgle/dimosct.h
         -- Installing: C:/Harmonus_src/libs/dcmtk-3.6.0-HAR_I/include/dcmtk/dcmimgle/diobjcou.h
         -- Installing: C:/Harmonus_src/libs/dcmtk-3.6.0-HAR_I/include/dcmtk/dcmimgle/diovdat.h
         -- Installing: C:/Harmonus_src/libs/dcmtk-3.6.0-HAR_I/include/dcmtk/dcmimgle/diovlay.h
         -- Installing: C:/Harmonus_src/libs/dcmtk-3.6.0-HAR_I/include/dcmtk/dcmimgle/diovlimg.h
         -- Installing: C:/Harmonus_src/libs/dcmtk-3.6.0-HAR_I/include/dcmtk/dcmimgle/diovpln.h
         -- Installing: C:/Harmonus_src/libs/dcmtk-3.6.0-HAR_I/include/dcmtk/dcmimgle/dipixel.h
         -- Installing: C:/Harmonus_src/libs/dcmtk-3.6.0-HAR_I/include/dcmtk/dcmimgle/diplugin.h
         -- Installing: C:/Harmonus_src/libs/dcmtk-3.6.0-HAR_I/include/dcmtk/dcmimgle/dipxrept.h
         -- Installing: C:/Harmonus_src/libs/dcmtk-3.6.0-HAR_I/include/dcmtk/dcmimgle/diregbas.h
         -- Installing: C:/Harmonus_src/libs/dcmtk-3.6.0-HAR_I/include/dcmtk/dcmimgle/dirotat.h
         -- Installing: C:/Harmonus_src/libs/dcmtk-3.6.0-HAR_I/include/dcmtk/dcmimgle/discalet.h
         -- Installing: C:/Harmonus_src/libs/dcmtk-3.6.0-HAR_I/include/dcmtk/dcmimgle/displint.h
         -- Installing: C:/Harmonus_src/libs/dcmtk-3.6.0-HAR_I/include/dcmtk/dcmimgle/ditranst.h
         -- Installing: C:/Harmonus_src/libs/dcmtk-3.6.0-HAR_I/include/dcmtk/dcmimgle/diutils.h
         -- Installing: C:/Harmonus_src/libs/dcmtk-3.6.0-HAR_I/share/dcmtk/camera.lut
         -- Installing: C:/Harmonus_src/libs/dcmtk-3.6.0-HAR_I/share/dcmtk/monitor.lut
         -- Installing: C:/Harmonus_src/libs/dcmtk-3.6.0-HAR_I/share/dcmtk/printer.lut
         -- Installing: C:/Harmonus_src/libs/dcmtk-3.6.0-HAR_I/share/dcmtk/scanner.lut
         -- Installing: C:/Harmonus_src/libs/dcmtk-3.6.0-HAR_I/lib/dcmjpeg.lib
         -- Installing: C:/Harmonus_src/libs/dcmtk-3.6.0-HAR_I/lib/ijg8.lib
         -- Installing: C:/Harmonus_src/libs/dcmtk-3.6.0-HAR_I/lib/ijg12.lib
         -- Installing: C:/Harmonus_src/libs/dcmtk-3.6.0-HAR_I/lib/ijg16.lib
         -- Installing: C:/Harmonus_src/libs/dcmtk-3.6.0-HAR_I/bin/dcmcjpeg.exe
         -- Installing: C:/Harmonus_src/libs/dcmtk-3.6.0-HAR_I/bin/dcmdjpeg.exe
         -- Installing: C:/Harmonus_src/libs/dcmtk-3.6.0-HAR_I/bin/dcmj2pnm.exe
         -- Installing: C:/Harmonus_src/libs/dcmtk-3.6.0-HAR_I/bin/dcmmkdir.exe
         -- Installing: C:/Harmonus_src/libs/dcmtk-3.6.0-HAR_I/include/dcmtk/dcmjpeg/ddpiimpl.h
         -- Installing: C:/Harmonus_src/libs/dcmtk-3.6.0-HAR_I/include/dcmtk/dcmjpeg/dipijpeg.h
         -- Installing: C:/Harmonus_src/libs/dcmtk-3.6.0-HAR_I/include/dcmtk/dcmjpeg/djcodecd.h
         -- Installing: C:/Harmonus_src/libs/dcmtk-3.6.0-HAR_I/include/dcmtk/dcmjpeg/djcodece.h
         -- Installing: C:/Harmonus_src/libs/dcmtk-3.6.0-HAR_I/include/dcmtk/dcmjpeg/djcparam.h
         -- Installing: C:/Harmonus_src/libs/dcmtk-3.6.0-HAR_I/include/dcmtk/dcmjpeg/djdecabs.h
         -- Installing: C:/Harmonus_src/libs/dcmtk-3.6.0-HAR_I/include/dcmtk/dcmjpeg/djdecbas.h
         -- Installing: C:/Harmonus_src/libs/dcmtk-3.6.0-HAR_I/include/dcmtk/dcmjpeg/djdecext.h
         -- Installing: C:/Harmonus_src/libs/dcmtk-3.6.0-HAR_I/include/dcmtk/dcmjpeg/djdeclol.h
         -- Installing: C:/Harmonus_src/libs/dcmtk-3.6.0-HAR_I/include/dcmtk/dcmjpeg/djdecode.h
         -- Installing: C:/Harmonus_src/libs/dcmtk-3.6.0-HAR_I/include/dcmtk/dcmjpeg/djdecpro.h
         -- Installing: C:/Harmonus_src/libs/dcmtk-3.6.0-HAR_I/include/dcmtk/dcmjpeg/djdecsps.h
         -- Installing: C:/Harmonus_src/libs/dcmtk-3.6.0-HAR_I/include/dcmtk/dcmjpeg/djdecsv1.h
         -- Installing: C:/Harmonus_src/libs/dcmtk-3.6.0-HAR_I/include/dcmtk/dcmjpeg/djdijg12.h
         -- Installing: C:/Harmonus_src/libs/dcmtk-3.6.0-HAR_I/include/dcmtk/dcmjpeg/djdijg16.h
         -- Installing: C:/Harmonus_src/libs/dcmtk-3.6.0-HAR_I/include/dcmtk/dcmjpeg/djdijg8.h
         -- Installing: C:/Harmonus_src/libs/dcmtk-3.6.0-HAR_I/include/dcmtk/dcmjpeg/djeijg12.h
         -- Installing: C:/Harmonus_src/libs/dcmtk-3.6.0-HAR_I/include/dcmtk/dcmjpeg/djeijg16.h
         -- Installing: C:/Harmonus_src/libs/dcmtk-3.6.0-HAR_I/include/dcmtk/dcmjpeg/djeijg8.h
         -- Installing: C:/Harmonus_src/libs/dcmtk-3.6.0-HAR_I/include/dcmtk/dcmjpeg/djencabs.h
         -- Installing: C:/Harmonus_src/libs/dcmtk-3.6.0-HAR_I/include/dcmtk/dcmjpeg/djencbas.h
         -- Installing: C:/Harmonus_src/libs/dcmtk-3.6.0-HAR_I/include/dcmtk/dcmjpeg/djencext.h
         -- Installing: C:/Harmonus_src/libs/dcmtk-3.6.0-HAR_I/include/dcmtk/dcmjpeg/djenclol.h
         -- Installing: C:/Harmonus_src/libs/dcmtk-3.6.0-HAR_I/include/dcmtk/dcmjpeg/djencode.h
         -- Installing: C:/Harmonus_src/libs/dcmtk-3.6.0-HAR_I/include/dcmtk/dcmjpeg/djencpro.h
         -- Installing: C:/Harmonus_src/libs/dcmtk-3.6.0-HAR_I/include/dcmtk/dcmjpeg/djencsps.h
         -- Installing: C:/Harmonus_src/libs/dcmtk-3.6.0-HAR_I/include/dcmtk/dcmjpeg/djencsv1.h
         -- Installing: C:/Harmonus_src/libs/dcmtk-3.6.0-HAR_I/include/dcmtk/dcmjpeg/djrplol.h
         -- Installing: C:/Harmonus_src/libs/dcmtk-3.6.0-HAR_I/include/dcmtk/dcmjpeg/djrploss.h
         -- Installing: C:/Harmonus_src/libs/dcmtk-3.6.0-HAR_I/include/dcmtk/dcmjpeg/djutils.h
         -- Installing: C:/Harmonus_src/libs/dcmtk-3.6.0-HAR_I/lib/dcmimage.lib
         -- Installing: C:/Harmonus_src/libs/dcmtk-3.6.0-HAR_I/bin/dcm2pnm.exe
         -- Installing: C:/Harmonus_src/libs/dcmtk-3.6.0-HAR_I/bin/dcmquant.exe
         -- Installing: C:/Harmonus_src/libs/dcmtk-3.6.0-HAR_I/bin/dcmscale.exe
         -- Installing: C:/Harmonus_src/libs/dcmtk-3.6.0-HAR_I/include/dcmtk/dcmimage/diargimg.h
         -- Installing: C:/Harmonus_src/libs/dcmtk-3.6.0-HAR_I/include/dcmtk/dcmimage/diargpxt.h
         -- Installing: C:/Harmonus_src/libs/dcmtk-3.6.0-HAR_I/include/dcmtk/dcmimage/dicmyimg.h
         -- Installing: C:/Harmonus_src/libs/dcmtk-3.6.0-HAR_I/include/dcmtk/dcmimage/dicmypxt.h
         -- Installing: C:/Harmonus_src/libs/dcmtk-3.6.0-HAR_I/include/dcmtk/dcmimage/dicocpt.h
         -- Installing: C:/Harmonus_src/libs/dcmtk-3.6.0-HAR_I/include/dcmtk/dcmimage/dicoflt.h
         -- Installing: C:/Harmonus_src/libs/dcmtk-3.6.0-HAR_I/include/dcmtk/dcmimage/dicoimg.h
         -- Installing: C:/Harmonus_src/libs/dcmtk-3.6.0-HAR_I/include/dcmtk/dcmimage/dicomot.h
         -- Installing: C:/Harmonus_src/libs/dcmtk-3.6.0-HAR_I/include/dcmtk/dcmimage/dicoopx.h
         -- Installing: C:/Harmonus_src/libs/dcmtk-3.6.0-HAR_I/include/dcmtk/dcmimage/dicoopxt.h
         -- Installing: C:/Harmonus_src/libs/dcmtk-3.6.0-HAR_I/include/dcmtk/dcmimage/dicopx.h
         -- Installing: C:/Harmonus_src/libs/dcmtk-3.6.0-HAR_I/include/dcmtk/dcmimage/dicopxt.h
         -- Installing: C:/Harmonus_src/libs/dcmtk-3.6.0-HAR_I/include/dcmtk/dcmimage/dicorot.h
         -- Installing: C:/Harmonus_src/libs/dcmtk-3.6.0-HAR_I/include/dcmtk/dcmimage/dicosct.h
         -- Installing: C:/Harmonus_src/libs/dcmtk-3.6.0-HAR_I/include/dcmtk/dcmimage/dihsvimg.h
         -- Installing: C:/Harmonus_src/libs/dcmtk-3.6.0-HAR_I/include/dcmtk/dcmimage/dihsvpxt.h
         -- Installing: C:/Harmonus_src/libs/dcmtk-3.6.0-HAR_I/include/dcmtk/dcmimage/dilogger.h
         -- Installing: C:/Harmonus_src/libs/dcmtk-3.6.0-HAR_I/include/dcmtk/dcmimage/dipalimg.h
         -- Installing: C:/Harmonus_src/libs/dcmtk-3.6.0-HAR_I/include/dcmtk/dcmimage/dipalpxt.h
         -- Installing: C:/Harmonus_src/libs/dcmtk-3.6.0-HAR_I/include/dcmtk/dcmimage/dipipng.h
         -- Installing: C:/Harmonus_src/libs/dcmtk-3.6.0-HAR_I/include/dcmtk/dcmimage/dipitiff.h
         -- Installing: C:/Harmonus_src/libs/dcmtk-3.6.0-HAR_I/include/dcmtk/dcmimage/diqtcmap.h
         -- Installing: C:/Harmonus_src/libs/dcmtk-3.6.0-HAR_I/include/dcmtk/dcmimage/diqtctab.h
         -- Installing: C:/Harmonus_src/libs/dcmtk-3.6.0-HAR_I/include/dcmtk/dcmimage/diqtfs.h
         -- Installing: C:/Harmonus_src/libs/dcmtk-3.6.0-HAR_I/include/dcmtk/dcmimage/diqthash.h
         -- Installing: C:/Harmonus_src/libs/dcmtk-3.6.0-HAR_I/include/dcmtk/dcmimage/diqthitl.h
         -- Installing: C:/Harmonus_src/libs/dcmtk-3.6.0-HAR_I/include/dcmtk/dcmimage/diqthitm.h
         -- Installing: C:/Harmonus_src/libs/dcmtk-3.6.0-HAR_I/include/dcmtk/dcmimage/diqtid.h
         -- Installing: C:/Harmonus_src/libs/dcmtk-3.6.0-HAR_I/include/dcmtk/dcmimage/diqtpbox.h
         -- Installing: C:/Harmonus_src/libs/dcmtk-3.6.0-HAR_I/include/dcmtk/dcmimage/diqtpix.h
         -- Installing: C:/Harmonus_src/libs/dcmtk-3.6.0-HAR_I/include/dcmtk/dcmimage/diqtstab.h
         -- Installing: C:/Harmonus_src/libs/dcmtk-3.6.0-HAR_I/include/dcmtk/dcmimage/diqttype.h
         -- Installing: C:/Harmonus_src/libs/dcmtk-3.6.0-HAR_I/include/dcmtk/dcmimage/diquant.h
         -- Installing: C:/Harmonus_src/libs/dcmtk-3.6.0-HAR_I/include/dcmtk/dcmimage/diregist.h
         -- Installing: C:/Harmonus_src/libs/dcmtk-3.6.0-HAR_I/include/dcmtk/dcmimage/dirgbimg.h
         -- Installing: C:/Harmonus_src/libs/dcmtk-3.6.0-HAR_I/include/dcmtk/dcmimage/dirgbpxt.h
         -- Installing: C:/Harmonus_src/libs/dcmtk-3.6.0-HAR_I/include/dcmtk/dcmimage/diybrimg.h
         -- Installing: C:/Harmonus_src/libs/dcmtk-3.6.0-HAR_I/include/dcmtk/dcmimage/diybrpxt.h
         -- Installing: C:/Harmonus_src/libs/dcmtk-3.6.0-HAR_I/include/dcmtk/dcmimage/diyf2img.h
         -- Installing: C:/Harmonus_src/libs/dcmtk-3.6.0-HAR_I/include/dcmtk/dcmimage/diyf2pxt.h
         -- Installing: C:/Harmonus_src/libs/dcmtk-3.6.0-HAR_I/include/dcmtk/dcmimage/diyp2img.h
         -- Installing: C:/Harmonus_src/libs/dcmtk-3.6.0-HAR_I/include/dcmtk/dcmimage/diyp2pxt.h
         -- Installing: C:/Harmonus_src/libs/dcmtk-3.6.0-HAR_I/lib/dcmtls.lib
         -- Installing: C:/Harmonus_src/libs/dcmtk-3.6.0-HAR_I/include/dcmtk/dcmtls/tlslayer.h
         -- Installing: C:/Harmonus_src/libs/dcmtk-3.6.0-HAR_I/include/dcmtk/dcmtls/tlsscu.h
         -- Installing: C:/Harmonus_src/libs/dcmtk-3.6.0-HAR_I/include/dcmtk/dcmtls/tlstrans.h
         -- Installing: C:/Harmonus_src/libs/dcmtk-3.6.0-HAR_I/share/doc/dcmtk/ciphers.txt
         -- Installing: C:/Harmonus_src/libs/dcmtk-3.6.0-HAR_I/share/doc/dcmtk/randseed.txt
         -- Installing: C:/Harmonus_src/libs/dcmtk-3.6.0-HAR_I/lib/dcmnet.lib
         -- Installing: C:/Harmonus_src/libs/dcmtk-3.6.0-HAR_I/bin/movescu.exe
         -- Installing: C:/Harmonus_src/libs/dcmtk-3.6.0-HAR_I/bin/echoscu.exe
         -- Installing: C:/Harmonus_src/libs/dcmtk-3.6.0-HAR_I/bin/findscu.exe
         -- Installing: C:/Harmonus_src/libs/dcmtk-3.6.0-HAR_I/bin/storescp.exe
         -- Installing: C:/Harmonus_src/libs/dcmtk-3.6.0-HAR_I/bin/storescu.exe
         -- Installing: C:/Harmonus_src/libs/dcmtk-3.6.0-HAR_I/bin/termscu.exe
         -- Installing: C:/Harmonus_src/libs/dcmtk-3.6.0-HAR_I/include/dcmtk/dcmnet/assoc.h
         -- Installing: C:/Harmonus_src/libs/dcmtk-3.6.0-HAR_I/include/dcmtk/dcmnet/cond.h
         -- Installing: C:/Harmonus_src/libs/dcmtk-3.6.0-HAR_I/include/dcmtk/dcmnet/dcasccff.h
         -- Installing: C:/Harmonus_src/libs/dcmtk-3.6.0-HAR_I/include/dcmtk/dcmnet/dcasccfg.h
         -- Installing: C:/Harmonus_src/libs/dcmtk-3.6.0-HAR_I/include/dcmtk/dcmnet/dccfenmp.h
         -- Installing: C:/Harmonus_src/libs/dcmtk-3.6.0-HAR_I/include/dcmtk/dcmnet/dccfpcmp.h
         -- Installing: C:/Harmonus_src/libs/dcmtk-3.6.0-HAR_I/include/dcmtk/dcmnet/dccfprmp.h
         -- Installing: C:/Harmonus_src/libs/dcmtk-3.6.0-HAR_I/include/dcmtk/dcmnet/dccfrsmp.h
         -- Installing: C:/Harmonus_src/libs/dcmtk-3.6.0-HAR_I/include/dcmtk/dcmnet/dccftsmp.h
         -- Installing: C:/Harmonus_src/libs/dcmtk-3.6.0-HAR_I/include/dcmtk/dcmnet/dccfuidh.h
         -- Installing: C:/Harmonus_src/libs/dcmtk-3.6.0-HAR_I/include/dcmtk/dcmnet/dcmlayer.h
         -- Installing: C:/Harmonus_src/libs/dcmtk-3.6.0-HAR_I/include/dcmtk/dcmnet/dcmsmap.h
         -- Installing: C:/Harmonus_src/libs/dcmtk-3.6.0-HAR_I/include/dcmtk/dcmnet/dcmtrans.h
         -- Installing: C:/Harmonus_src/libs/dcmtk-3.6.0-HAR_I/include/dcmtk/dcmnet/dcompat.h
         -- Installing: C:/Harmonus_src/libs/dcmtk-3.6.0-HAR_I/include/dcmtk/dcmnet/dcuserid.h
         -- Installing: C:/Harmonus_src/libs/dcmtk-3.6.0-HAR_I/include/dcmtk/dcmnet/dfindscu.h
         -- Installing: C:/Harmonus_src/libs/dcmtk-3.6.0-HAR_I/include/dcmtk/dcmnet/dicom.h
         -- Installing: C:/Harmonus_src/libs/dcmtk-3.6.0-HAR_I/include/dcmtk/dcmnet/dimse.h
         -- Installing: C:/Harmonus_src/libs/dcmtk-3.6.0-HAR_I/include/dcmtk/dcmnet/diutil.h
         -- Installing: C:/Harmonus_src/libs/dcmtk-3.6.0-HAR_I/include/dcmtk/dcmnet/dul.h
         -- Installing: C:/Harmonus_src/libs/dcmtk-3.6.0-HAR_I/include/dcmtk/dcmnet/extneg.h
         -- Installing: C:/Harmonus_src/libs/dcmtk-3.6.0-HAR_I/include/dcmtk/dcmnet/lst.h
         -- Installing: C:/Harmonus_src/libs/dcmtk-3.6.0-HAR_I/include/dcmtk/dcmnet/scp.h
         -- Installing: C:/Harmonus_src/libs/dcmtk-3.6.0-HAR_I/include/dcmtk/dcmnet/scu.h
         -- Installing: C:/Harmonus_src/libs/dcmtk-3.6.0-HAR_I/share/doc/dcmtk/asconfig.txt
         -- Installing: C:/Harmonus_src/libs/dcmtk-3.6.0-HAR_I/share/doc/dcmtk/testing.txt
         -- Installing: C:/Harmonus_src/libs/dcmtk-3.6.0-HAR_I/etc/dcmtk/storescp.cfg
         -- Installing: C:/Harmonus_src/libs/dcmtk-3.6.0-HAR_I/etc/dcmtk/storescu.cfg
         -- Installing: C:/Harmonus_src/libs/dcmtk-3.6.0-HAR_I/lib/dcmwlm.lib
         -- Installing: C:/Harmonus_src/libs/dcmtk-3.6.0-HAR_I/bin/wlmscpfs.exe
         -- Installing: C:/Harmonus_src/libs/dcmtk-3.6.0-HAR_I/include/dcmtk/dcmwlm/wlds.h
         -- Installing: C:/Harmonus_src/libs/dcmtk-3.6.0-HAR_I/include/dcmtk/dcmwlm/wldsfs.h
         -- Installing: C:/Harmonus_src/libs/dcmtk-3.6.0-HAR_I/include/dcmtk/dcmwlm/wlfsim.h
         -- Installing: C:/Harmonus_src/libs/dcmtk-3.6.0-HAR_I/include/dcmtk/dcmwlm/wlmactmg.h
         -- Installing: C:/Harmonus_src/libs/dcmtk-3.6.0-HAR_I/include/dcmtk/dcmwlm/wltypdef.h
         -- Installing: C:/Harmonus_src/libs/dcmtk-3.6.0-HAR_I/share/doc/dcmtk/wwwapp.txt
         -- Installing: C:/Harmonus_src/libs/dcmtk-3.6.0-HAR_I//share/dcmtk/wlistdb
         -- Installing: C:/Harmonus_src/libs/dcmtk-3.6.0-HAR_I//share/dcmtk/wlistdb/OFFIS
         -- Installing: C:/Harmonus_src/libs/dcmtk-3.6.0-HAR_I//share/dcmtk/wlistdb/OFFIS/lockfile
         -- Installing: C:/Harmonus_src/libs/dcmtk-3.6.0-HAR_I//share/dcmtk/wlistdb/OFFIS/wklist1.dump
         -- Installing: C:/Harmonus_src/libs/dcmtk-3.6.0-HAR_I//share/dcmtk/wlistdb/OFFIS/wklist10.dump
         -- Installing: C:/Harmonus_src/libs/dcmtk-3.6.0-HAR_I//share/dcmtk/wlistdb/OFFIS/wklist2.dump
         -- Installing: C:/Harmonus_src/libs/dcmtk-3.6.0-HAR_I//share/dcmtk/wlistdb/OFFIS/wklist3.dump
         -- Installing: C:/Harmonus_src/libs/dcmtk-3.6.0-HAR_I//share/dcmtk/wlistdb/OFFIS/wklist4.dump
         -- Installing: C:/Harmonus_src/libs/dcmtk-3.6.0-HAR_I//share/dcmtk/wlistdb/OFFIS/wklist5.dump
         -- Installing: C:/Harmonus_src/libs/dcmtk-3.6.0-HAR_I//share/dcmtk/wlistdb/OFFIS/wklist6.dump
         -- Installing: C:/Harmonus_src/libs/dcmtk-3.6.0-HAR_I//share/dcmtk/wlistdb/OFFIS/wklist7.dump
         -- Installing: C:/Harmonus_src/libs/dcmtk-3.6.0-HAR_I//share/dcmtk/wlistdb/OFFIS/wklist8.dump
         -- Installing: C:/Harmonus_src/libs/dcmtk-3.6.0-HAR_I//share/dcmtk/wlistdb/OFFIS/wklist9.dump
         -- Installing: C:/Harmonus_src/libs/dcmtk-3.6.0-HAR_I//share/dcmtk/wlistdb/README
         -- Installing: C:/Harmonus_src/libs/dcmtk-3.6.0-HAR_I//share/dcmtk/wlistqry
         -- Installing: C:/Harmonus_src/libs/dcmtk-3.6.0-HAR_I//share/dcmtk/wlistqry/README
         -- Installing: C:/Harmonus_src/libs/dcmtk-3.6.0-HAR_I//share/dcmtk/wlistqry/wlistqry0.dump
         -- Installing: C:/Harmonus_src/libs/dcmtk-3.6.0-HAR_I//share/dcmtk/wlistqry/wlistqry1.dump
         -- Installing: C:/Harmonus_src/libs/dcmtk-3.6.0-HAR_I//share/dcmtk/wlistqry/wlistqry10.dump
         -- Installing: C:/Harmonus_src/libs/dcmtk-3.6.0-HAR_I//share/dcmtk/wlistqry/wlistqry11.dump
         -- Installing: C:/Harmonus_src/libs/dcmtk-3.6.0-HAR_I//share/dcmtk/wlistqry/wlistqry12.dump
         -- Installing: C:/Harmonus_src/libs/dcmtk-3.6.0-HAR_I//share/dcmtk/wlistqry/wlistqry2.dump
         -- Installing: C:/Harmonus_src/libs/dcmtk-3.6.0-HAR_I//share/dcmtk/wlistqry/wlistqry3.dump
         -- Installing: C:/Harmonus_src/libs/dcmtk-3.6.0-HAR_I//share/dcmtk/wlistqry/wlistqry4.dump
         -- Installing: C:/Harmonus_src/libs/dcmtk-3.6.0-HAR_I//share/dcmtk/wlistqry/wlistqry5.dump
         -- Installing: C:/Harmonus_src/libs/dcmtk-3.6.0-HAR_I//share/dcmtk/wlistqry/wlistqry6.dump
         -- Installing: C:/Harmonus_src/libs/dcmtk-3.6.0-HAR_I//share/dcmtk/wlistqry/wlistqry7.dump
         -- Installing: C:/Harmonus_src/libs/dcmtk-3.6.0-HAR_I//share/dcmtk/wlistqry/wlistqry8.dump
         -- Installing: C:/Harmonus_src/libs/dcmtk-3.6.0-HAR_I//share/dcmtk/wlistqry/wlistqry9.dump
         -- Installing: C:/Harmonus_src/libs/dcmtk-3.6.0-HAR_I/lib/dcmqrdb.lib
         -- Installing: C:/Harmonus_src/libs/dcmtk-3.6.0-HAR_I/bin/dcmqrscp.exe
         -- Installing: C:/Harmonus_src/libs/dcmtk-3.6.0-HAR_I/bin/dcmqrti.exe
         -- Installing: C:/Harmonus_src/libs/dcmtk-3.6.0-HAR_I/bin/dcmqridx.exe
         -- Installing: C:/Harmonus_src/libs/dcmtk-3.6.0-HAR_I/include/dcmtk/dcmqrdb/dcmqrcbf.h
         -- Installing: C:/Harmonus_src/libs/dcmtk-3.6.0-HAR_I/include/dcmtk/dcmqrdb/dcmqrcbg.h
         -- Installing: C:/Harmonus_src/libs/dcmtk-3.6.0-HAR_I/include/dcmtk/dcmqrdb/dcmqrcbm.h
         -- Installing: C:/Harmonus_src/libs/dcmtk-3.6.0-HAR_I/include/dcmtk/dcmqrdb/dcmqrcbs.h
         -- Installing: C:/Harmonus_src/libs/dcmtk-3.6.0-HAR_I/include/dcmtk/dcmqrdb/dcmqrcnf.h
         -- Installing: C:/Harmonus_src/libs/dcmtk-3.6.0-HAR_I/include/dcmtk/dcmqrdb/dcmqrdba.h
         -- Installing: C:/Harmonus_src/libs/dcmtk-3.6.0-HAR_I/include/dcmtk/dcmqrdb/dcmqrdbi.h
         -- Installing: C:/Harmonus_src/libs/dcmtk-3.6.0-HAR_I/include/dcmtk/dcmqrdb/dcmqrdbs.h
         -- Installing: C:/Harmonus_src/libs/dcmtk-3.6.0-HAR_I/include/dcmtk/dcmqrdb/dcmqridx.h
         -- Installing: C:/Harmonus_src/libs/dcmtk-3.6.0-HAR_I/include/dcmtk/dcmqrdb/dcmqropt.h
         -- Installing: C:/Harmonus_src/libs/dcmtk-3.6.0-HAR_I/include/dcmtk/dcmqrdb/dcmqrptb.h
         -- Installing: C:/Harmonus_src/libs/dcmtk-3.6.0-HAR_I/include/dcmtk/dcmqrdb/dcmqrsrv.h
         -- Installing: C:/Harmonus_src/libs/dcmtk-3.6.0-HAR_I/include/dcmtk/dcmqrdb/dcmqrtis.h
         -- Installing: C:/Harmonus_src/libs/dcmtk-3.6.0-HAR_I/share/doc/dcmtk/dcmqrcnf.txt
         -- Installing: C:/Harmonus_src/libs/dcmtk-3.6.0-HAR_I/share/doc/dcmtk/dcmqrset.txt
         -- Installing: C:/Harmonus_src/libs/dcmtk-3.6.0-HAR_I/etc/dcmtk/dcmqrscp.cfg
         -- Installing: C:/Harmonus_src/libs/dcmtk-3.6.0-HAR_I/lib/dcmsr.lib
         -- Installing: C:/Harmonus_src/libs/dcmtk-3.6.0-HAR_I/bin/xml2dsr.exe
         -- Installing: C:/Harmonus_src/libs/dcmtk-3.6.0-HAR_I/bin/dsr2html.exe
         -- Installing: C:/Harmonus_src/libs/dcmtk-3.6.0-HAR_I/bin/dsr2xml.exe
         -- Installing: C:/Harmonus_src/libs/dcmtk-3.6.0-HAR_I/bin/dsrdump.exe
         -- Installing: C:/Harmonus_src/libs/dcmtk-3.6.0-HAR_I/include/dcmtk/dcmsr/dsrbascc.h
         -- Installing: C:/Harmonus_src/libs/dcmtk-3.6.0-HAR_I/include/dcmtk/dcmsr/dsrchecc.h
         -- Installing: C:/Harmonus_src/libs/dcmtk-3.6.0-HAR_I/include/dcmtk/dcmsr/dsrcitem.h
         -- Installing: C:/Harmonus_src/libs/dcmtk-3.6.0-HAR_I/include/dcmtk/dcmsr/dsrcodtn.h
         -- Installing: C:/Harmonus_src/libs/dcmtk-3.6.0-HAR_I/include/dcmtk/dcmsr/dsrcodvl.h
         -- Installing: C:/Harmonus_src/libs/dcmtk-3.6.0-HAR_I/include/dcmtk/dcmsr/dsrcolcc.h
         -- Installing: C:/Harmonus_src/libs/dcmtk-3.6.0-HAR_I/include/dcmtk/dcmsr/dsrcomcc.h
         -- Installing: C:/Harmonus_src/libs/dcmtk-3.6.0-HAR_I/include/dcmtk/dcmsr/dsrcomtn.h
         -- Installing: C:/Harmonus_src/libs/dcmtk-3.6.0-HAR_I/include/dcmtk/dcmsr/dsrcomvl.h
         -- Installing: C:/Harmonus_src/libs/dcmtk-3.6.0-HAR_I/include/dcmtk/dcmsr/dsrcontn.h
         -- Installing: C:/Harmonus_src/libs/dcmtk-3.6.0-HAR_I/include/dcmtk/dcmsr/dsrcsidl.h
         -- Installing: C:/Harmonus_src/libs/dcmtk-3.6.0-HAR_I/include/dcmtk/dcmsr/dsrdattn.h
         -- Installing: C:/Harmonus_src/libs/dcmtk-3.6.0-HAR_I/include/dcmtk/dcmsr/dsrdoc.h
         -- Installing: C:/Harmonus_src/libs/dcmtk-3.6.0-HAR_I/include/dcmtk/dcmsr/dsrdoctn.h
         -- Installing: C:/Harmonus_src/libs/dcmtk-3.6.0-HAR_I/include/dcmtk/dcmsr/dsrdoctr.h
         -- Installing: C:/Harmonus_src/libs/dcmtk-3.6.0-HAR_I/include/dcmtk/dcmsr/dsrdtitn.h
         -- Installing: C:/Harmonus_src/libs/dcmtk-3.6.0-HAR_I/include/dcmtk/dcmsr/dsrenhcc.h
         -- Installing: C:/Harmonus_src/libs/dcmtk-3.6.0-HAR_I/include/dcmtk/dcmsr/dsrimgfr.h
         -- Installing: C:/Harmonus_src/libs/dcmtk-3.6.0-HAR_I/include/dcmtk/dcmsr/dsrimgtn.h
         -- Installing: C:/Harmonus_src/libs/dcmtk-3.6.0-HAR_I/include/dcmtk/dcmsr/dsrimgvl.h
         -- Installing: C:/Harmonus_src/libs/dcmtk-3.6.0-HAR_I/include/dcmtk/dcmsr/dsrimpcc.h
         -- Installing: C:/Harmonus_src/libs/dcmtk-3.6.0-HAR_I/include/dcmtk/dcmsr/dsriodcc.h
         -- Installing: C:/Harmonus_src/libs/dcmtk-3.6.0-HAR_I/include/dcmtk/dcmsr/dsrkeycc.h
         -- Installing: C:/Harmonus_src/libs/dcmtk-3.6.0-HAR_I/include/dcmtk/dcmsr/dsrmaccc.h
         -- Installing: C:/Harmonus_src/libs/dcmtk-3.6.0-HAR_I/include/dcmtk/dcmsr/dsrmamcc.h
         -- Installing: C:/Harmonus_src/libs/dcmtk-3.6.0-HAR_I/include/dcmtk/dcmsr/dsrnumtn.h
         -- Installing: C:/Harmonus_src/libs/dcmtk-3.6.0-HAR_I/include/dcmtk/dcmsr/dsrnumvl.h
         -- Installing: C:/Harmonus_src/libs/dcmtk-3.6.0-HAR_I/include/dcmtk/dcmsr/dsrpnmtn.h
         -- Installing: C:/Harmonus_src/libs/dcmtk-3.6.0-HAR_I/include/dcmtk/dcmsr/dsrprocc.h
         -- Installing: C:/Harmonus_src/libs/dcmtk-3.6.0-HAR_I/include/dcmtk/dcmsr/dsrreftn.h
         -- Installing: C:/Harmonus_src/libs/dcmtk-3.6.0-HAR_I/include/dcmtk/dcmsr/dsrsc3gr.h
         -- Installing: C:/Harmonus_src/libs/dcmtk-3.6.0-HAR_I/include/dcmtk/dcmsr/dsrsc3tn.h
         -- Installing: C:/Harmonus_src/libs/dcmtk-3.6.0-HAR_I/include/dcmtk/dcmsr/dsrsc3vl.h
         -- Installing: C:/Harmonus_src/libs/dcmtk-3.6.0-HAR_I/include/dcmtk/dcmsr/dsrscogr.h
         -- Installing: C:/Harmonus_src/libs/dcmtk-3.6.0-HAR_I/include/dcmtk/dcmsr/dsrscotn.h
         -- Installing: C:/Harmonus_src/libs/dcmtk-3.6.0-HAR_I/include/dcmtk/dcmsr/dsrscovl.h
         -- Installing: C:/Harmonus_src/libs/dcmtk-3.6.0-HAR_I/include/dcmtk/dcmsr/dsrsoprf.h
         -- Installing: C:/Harmonus_src/libs/dcmtk-3.6.0-HAR_I/include/dcmtk/dcmsr/dsrspecc.h
         -- Installing: C:/Harmonus_src/libs/dcmtk-3.6.0-HAR_I/include/dcmtk/dcmsr/dsrstrvl.h
         -- Installing: C:/Harmonus_src/libs/dcmtk-3.6.0-HAR_I/include/dcmtk/dcmsr/dsrtcodt.h
         -- Installing: C:/Harmonus_src/libs/dcmtk-3.6.0-HAR_I/include/dcmtk/dcmsr/dsrtcosp.h
         -- Installing: C:/Harmonus_src/libs/dcmtk-3.6.0-HAR_I/include/dcmtk/dcmsr/dsrtcotn.h
         -- Installing: C:/Harmonus_src/libs/dcmtk-3.6.0-HAR_I/include/dcmtk/dcmsr/dsrtcoto.h
         -- Installing: C:/Harmonus_src/libs/dcmtk-3.6.0-HAR_I/include/dcmtk/dcmsr/dsrtcovl.h
         -- Installing: C:/Harmonus_src/libs/dcmtk-3.6.0-HAR_I/include/dcmtk/dcmsr/dsrtextn.h
         -- Installing: C:/Harmonus_src/libs/dcmtk-3.6.0-HAR_I/include/dcmtk/dcmsr/dsrtimtn.h
         -- Installing: C:/Harmonus_src/libs/dcmtk-3.6.0-HAR_I/include/dcmtk/dcmsr/dsrtlist.h
         -- Installing: C:/Harmonus_src/libs/dcmtk-3.6.0-HAR_I/include/dcmtk/dcmsr/dsrtncsr.h
         -- Installing: C:/Harmonus_src/libs/dcmtk-3.6.0-HAR_I/include/dcmtk/dcmsr/dsrtree.h
         -- Installing: C:/Harmonus_src/libs/dcmtk-3.6.0-HAR_I/include/dcmtk/dcmsr/dsrtypes.h
         -- Installing: C:/Harmonus_src/libs/dcmtk-3.6.0-HAR_I/include/dcmtk/dcmsr/dsruidtn.h
         -- Installing: C:/Harmonus_src/libs/dcmtk-3.6.0-HAR_I/include/dcmtk/dcmsr/dsrwavch.h
         -- Installing: C:/Harmonus_src/libs/dcmtk-3.6.0-HAR_I/include/dcmtk/dcmsr/dsrwavtn.h
         -- Installing: C:/Harmonus_src/libs/dcmtk-3.6.0-HAR_I/include/dcmtk/dcmsr/dsrwavvl.h
         -- Installing: C:/Harmonus_src/libs/dcmtk-3.6.0-HAR_I/include/dcmtk/dcmsr/dsrxmlc.h
         -- Installing: C:/Harmonus_src/libs/dcmtk-3.6.0-HAR_I/include/dcmtk/dcmsr/dsrxmld.h
         -- Installing: C:/Harmonus_src/libs/dcmtk-3.6.0-HAR_I/include/dcmtk/dcmsr/dsrxrdcc.h
         -- Installing: C:/Harmonus_src/libs/dcmtk-3.6.0-HAR_I/share/dcmtk/dsr2xml.xsd
         -- Installing: C:/Harmonus_src/libs/dcmtk-3.6.0-HAR_I/share/dcmtk/report.css
         -- Installing: C:/Harmonus_src/libs/dcmtk-3.6.0-HAR_I/share/dcmtk/reportx.css
         -- Installing: C:/Harmonus_src/libs/dcmtk-3.6.0-HAR_I/lib/dcmpstat.lib
         -- Installing: C:/Harmonus_src/libs/dcmtk-3.6.0-HAR_I/bin/dcmmkcrv.exe
         -- Installing: C:/Harmonus_src/libs/dcmtk-3.6.0-HAR_I/bin/dcmpsprt.exe
         -- Installing: C:/Harmonus_src/libs/dcmtk-3.6.0-HAR_I/bin/dcmmklut.exe
         -- Installing: C:/Harmonus_src/libs/dcmtk-3.6.0-HAR_I/bin/dcmp2pgm.exe
         -- Installing: C:/Harmonus_src/libs/dcmtk-3.6.0-HAR_I/bin/dcmpssnd.exe
         -- Installing: C:/Harmonus_src/libs/dcmtk-3.6.0-HAR_I/bin/dcmprscp.exe
         -- Installing: C:/Harmonus_src/libs/dcmtk-3.6.0-HAR_I/bin/dcmpsmk.exe
         -- Installing: C:/Harmonus_src/libs/dcmtk-3.6.0-HAR_I/bin/dcmprscu.exe
         -- Installing: C:/Harmonus_src/libs/dcmtk-3.6.0-HAR_I/bin/dcmpsrcv.exe
         -- Installing: C:/Harmonus_src/libs/dcmtk-3.6.0-HAR_I/bin/dcmpschk.exe
         -- Installing: C:/Harmonus_src/libs/dcmtk-3.6.0-HAR_I/include/dcmtk/dcmpstat/dcmpstat.h
         -- Installing: C:/Harmonus_src/libs/dcmtk-3.6.0-HAR_I/include/dcmtk/dcmpstat/dvcache.h
         -- Installing: C:/Harmonus_src/libs/dcmtk-3.6.0-HAR_I/include/dcmtk/dcmpstat/dviface.h
         -- Installing: C:/Harmonus_src/libs/dcmtk-3.6.0-HAR_I/include/dcmtk/dcmpstat/dvpsab.h
         -- Installing: C:/Harmonus_src/libs/dcmtk-3.6.0-HAR_I/include/dcmtk/dcmpstat/dvpsabl.h
         -- Installing: C:/Harmonus_src/libs/dcmtk-3.6.0-HAR_I/include/dcmtk/dcmpstat/dvpsal.h
         -- Installing: C:/Harmonus_src/libs/dcmtk-3.6.0-HAR_I/include/dcmtk/dcmpstat/dvpsall.h
         -- Installing: C:/Harmonus_src/libs/dcmtk-3.6.0-HAR_I/include/dcmtk/dcmpstat/dvpscf.h
         -- Installing: C:/Harmonus_src/libs/dcmtk-3.6.0-HAR_I/include/dcmtk/dcmpstat/dvpscu.h
         -- Installing: C:/Harmonus_src/libs/dcmtk-3.6.0-HAR_I/include/dcmtk/dcmpstat/dvpscul.h
         -- Installing: C:/Harmonus_src/libs/dcmtk-3.6.0-HAR_I/include/dcmtk/dcmpstat/dvpsda.h
         -- Installing: C:/Harmonus_src/libs/dcmtk-3.6.0-HAR_I/include/dcmtk/dcmpstat/dvpsdal.h
         -- Installing: C:/Harmonus_src/libs/dcmtk-3.6.0-HAR_I/include/dcmtk/dcmpstat/dvpsdef.h
         -- Installing: C:/Harmonus_src/libs/dcmtk-3.6.0-HAR_I/include/dcmtk/dcmpstat/dvpsfs.h
         -- Installing: C:/Harmonus_src/libs/dcmtk-3.6.0-HAR_I/include/dcmtk/dcmpstat/dvpsga.h
         -- Installing: C:/Harmonus_src/libs/dcmtk-3.6.0-HAR_I/include/dcmtk/dcmpstat/dvpsgal.h
         -- Installing: C:/Harmonus_src/libs/dcmtk-3.6.0-HAR_I/include/dcmtk/dcmpstat/dvpsgl.h
         -- Installing: C:/Harmonus_src/libs/dcmtk-3.6.0-HAR_I/include/dcmtk/dcmpstat/dvpsgll.h
         -- Installing: C:/Harmonus_src/libs/dcmtk-3.6.0-HAR_I/include/dcmtk/dcmpstat/dvpsgr.h
         -- Installing: C:/Harmonus_src/libs/dcmtk-3.6.0-HAR_I/include/dcmtk/dcmpstat/dvpsgrl.h
         -- Installing: C:/Harmonus_src/libs/dcmtk-3.6.0-HAR_I/include/dcmtk/dcmpstat/dvpshlp.h
         -- Installing: C:/Harmonus_src/libs/dcmtk-3.6.0-HAR_I/include/dcmtk/dcmpstat/dvpsib.h
         -- Installing: C:/Harmonus_src/libs/dcmtk-3.6.0-HAR_I/include/dcmtk/dcmpstat/dvpsibl.h
         -- Installing: C:/Harmonus_src/libs/dcmtk-3.6.0-HAR_I/include/dcmtk/dcmpstat/dvpsmsg.h
         -- Installing: C:/Harmonus_src/libs/dcmtk-3.6.0-HAR_I/include/dcmtk/dcmpstat/dvpsov.h
         -- Installing: C:/Harmonus_src/libs/dcmtk-3.6.0-HAR_I/include/dcmtk/dcmpstat/dvpsovl.h
         -- Installing: C:/Harmonus_src/libs/dcmtk-3.6.0-HAR_I/include/dcmtk/dcmpstat/dvpspl.h
         -- Installing: C:/Harmonus_src/libs/dcmtk-3.6.0-HAR_I/include/dcmtk/dcmpstat/dvpspll.h
         -- Installing: C:/Harmonus_src/libs/dcmtk-3.6.0-HAR_I/include/dcmtk/dcmpstat/dvpspr.h
         -- Installing: C:/Harmonus_src/libs/dcmtk-3.6.0-HAR_I/include/dcmtk/dcmpstat/dvpsprt.h
         -- Installing: C:/Harmonus_src/libs/dcmtk-3.6.0-HAR_I/include/dcmtk/dcmpstat/dvpsri.h
         -- Installing: C:/Harmonus_src/libs/dcmtk-3.6.0-HAR_I/include/dcmtk/dcmpstat/dvpsril.h
         -- Installing: C:/Harmonus_src/libs/dcmtk-3.6.0-HAR_I/include/dcmtk/dcmpstat/dvpsrs.h
         -- Installing: C:/Harmonus_src/libs/dcmtk-3.6.0-HAR_I/include/dcmtk/dcmpstat/dvpsrsl.h
         -- Installing: C:/Harmonus_src/libs/dcmtk-3.6.0-HAR_I/include/dcmtk/dcmpstat/dvpssp.h
         -- Installing: C:/Harmonus_src/libs/dcmtk-3.6.0-HAR_I/include/dcmtk/dcmpstat/dvpsspl.h
         -- Installing: C:/Harmonus_src/libs/dcmtk-3.6.0-HAR_I/include/dcmtk/dcmpstat/dvpssv.h
         -- Installing: C:/Harmonus_src/libs/dcmtk-3.6.0-HAR_I/include/dcmtk/dcmpstat/dvpssvl.h
         -- Installing: C:/Harmonus_src/libs/dcmtk-3.6.0-HAR_I/include/dcmtk/dcmpstat/dvpstat.h
         -- Installing: C:/Harmonus_src/libs/dcmtk-3.6.0-HAR_I/include/dcmtk/dcmpstat/dvpstx.h
         -- Installing: C:/Harmonus_src/libs/dcmtk-3.6.0-HAR_I/include/dcmtk/dcmpstat/dvpstxl.h
         -- Installing: C:/Harmonus_src/libs/dcmtk-3.6.0-HAR_I/include/dcmtk/dcmpstat/dvpstyp.h
         -- Installing: C:/Harmonus_src/libs/dcmtk-3.6.0-HAR_I/include/dcmtk/dcmpstat/dvpsvl.h
         -- Installing: C:/Harmonus_src/libs/dcmtk-3.6.0-HAR_I/include/dcmtk/dcmpstat/dvpsvll.h
         -- Installing: C:/Harmonus_src/libs/dcmtk-3.6.0-HAR_I/include/dcmtk/dcmpstat/dvpsvw.h
         -- Installing: C:/Harmonus_src/libs/dcmtk-3.6.0-HAR_I/include/dcmtk/dcmpstat/dvpsvwl.h
         -- Installing: C:/Harmonus_src/libs/dcmtk-3.6.0-HAR_I/include/dcmtk/dcmpstat/dvsighdl.h
         -- Installing: C:/Harmonus_src/libs/dcmtk-3.6.0-HAR_I/share/dcmtk/philips.lut
         -- Installing: C:/Harmonus_src/libs/dcmtk-3.6.0-HAR_I/etc/dcmtk/dcmpstat.cfg
         -- Installing: C:/Harmonus_src/libs/dcmtk-3.6.0-HAR_I/etc/dcmtk/printers.cfg
         -- Installing: C:/Harmonus_src/libs/dcmtk-3.6.0-HAR_I/lib/dcmdsig.lib
         -- Installing: C:/Harmonus_src/libs/dcmtk-3.6.0-HAR_I/bin/dcmsign.exe
         -- Installing: C:/Harmonus_src/libs/dcmtk-3.6.0-HAR_I/include/dcmtk/dcmsign/dcsignat.h
         -- Installing: C:/Harmonus_src/libs/dcmtk-3.6.0-HAR_I/include/dcmtk/dcmsign/sialgo.h
         -- Installing: C:/Harmonus_src/libs/dcmtk-3.6.0-HAR_I/include/dcmtk/dcmsign/siautopr.h
         -- Installing: C:/Harmonus_src/libs/dcmtk-3.6.0-HAR_I/include/dcmtk/dcmsign/sibrsapr.h
         -- Installing: C:/Harmonus_src/libs/dcmtk-3.6.0-HAR_I/include/dcmtk/dcmsign/sicert.h
         -- Installing: C:/Harmonus_src/libs/dcmtk-3.6.0-HAR_I/include/dcmtk/dcmsign/sicertvf.h
         -- Installing: C:/Harmonus_src/libs/dcmtk-3.6.0-HAR_I/include/dcmtk/dcmsign/sicreapr.h
         -- Installing: C:/Harmonus_src/libs/dcmtk-3.6.0-HAR_I/include/dcmtk/dcmsign/sidsa.h
         -- Installing: C:/Harmonus_src/libs/dcmtk-3.6.0-HAR_I/include/dcmtk/dcmsign/simac.h
         -- Installing: C:/Harmonus_src/libs/dcmtk-3.6.0-HAR_I/include/dcmtk/dcmsign/simaccon.h
         -- Installing: C:/Harmonus_src/libs/dcmtk-3.6.0-HAR_I/include/dcmtk/dcmsign/simd5.h
         -- Installing: C:/Harmonus_src/libs/dcmtk-3.6.0-HAR_I/include/dcmtk/dcmsign/sinullpr.h
         -- Installing: C:/Harmonus_src/libs/dcmtk-3.6.0-HAR_I/include/dcmtk/dcmsign/siprivat.h
         -- Installing: C:/Harmonus_src/libs/dcmtk-3.6.0-HAR_I/include/dcmtk/dcmsign/siripemd.h
         -- Installing: C:/Harmonus_src/libs/dcmtk-3.6.0-HAR_I/include/dcmtk/dcmsign/sirsa.h
         -- Installing: C:/Harmonus_src/libs/dcmtk-3.6.0-HAR_I/include/dcmtk/dcmsign/sisha1.h
         -- Installing: C:/Harmonus_src/libs/dcmtk-3.6.0-HAR_I/include/dcmtk/dcmsign/sisprof.h
         -- Installing: C:/Harmonus_src/libs/dcmtk-3.6.0-HAR_I/include/dcmtk/dcmsign/sitstamp.h
         -- Installing: C:/Harmonus_src/libs/dcmtk-3.6.0-HAR_I/include/dcmtk/dcmsign/sitypes.h
         -- Installing: C:/Harmonus_src/libs/dcmtk-3.6.0-HAR_I/lib/dcmjpls.lib
         -- Installing: C:/Harmonus_src/libs/dcmtk-3.6.0-HAR_I/lib/charls.lib
         -- Installing: C:/Harmonus_src/libs/dcmtk-3.6.0-HAR_I/bin/dcmcjpls.exe
         -- Installing: C:/Harmonus_src/libs/dcmtk-3.6.0-HAR_I/bin/dcmdjpls.exe
         -- Installing: C:/Harmonus_src/libs/dcmtk-3.6.0-HAR_I/bin/dcml2pnm.exe
         -- Installing: C:/Harmonus_src/libs/dcmtk-3.6.0-HAR_I/include/dcmtk/dcmjpls/djcodecd.h
         -- Installing: C:/Harmonus_src/libs/dcmtk-3.6.0-HAR_I/include/dcmtk/dcmjpls/djcodece.h
         -- Installing: C:/Harmonus_src/libs/dcmtk-3.6.0-HAR_I/include/dcmtk/dcmjpls/djcparam.h
         -- Installing: C:/Harmonus_src/libs/dcmtk-3.6.0-HAR_I/include/dcmtk/dcmjpls/djdecode.h
         -- Installing: C:/Harmonus_src/libs/dcmtk-3.6.0-HAR_I/include/dcmtk/dcmjpls/djencode.h
         -- Installing: C:/Harmonus_src/libs/dcmtk-3.6.0-HAR_I/include/dcmtk/dcmjpls/djlsutil.h
         -- Installing: C:/Harmonus_src/libs/dcmtk-3.6.0-HAR_I/include/dcmtk/dcmjpls/djrparam.h
     1>Done Building Project "C:\Harmonus_src\libs\dcmtk-3.6.0-HAR_B\INSTALL.vcxproj" (Build target(s)).

Build succeeded.

Time Elapsed 00:00:01.88
