Build started 7/1/2016 9:34:46 AM.
     1>Project "C:\Harmonus_src\libs\dcmtk-3.6.0-HAR_B\dcmdata\apps\dump2dcm.vcxproj" on node 3 (Build target(s)).
     1>CustomBuild:
         Building Custom Rule C:/Harmonus_src/libs/dcmtk-3.6.0/dcmdata/apps/CMakeLists.txt
         CMake does not need to re-run because C:\Harmonus_src\libs\dcmtk-3.6.0-HAR_B\dcmdata\apps\CMakeFiles\generate.stamp is up-to-date.
       ClCompile:
         C:\Program Files (x86)\Microsoft Visual Studio 12.0\VC\bin\x86_amd64\CL.exe /c /I"C:\Harmonus_src\libs\dcmtk-3.6.0-HAR_B\include" /I"C:\Harmonus_src\libs\dcmtk-3.6.0\ofstd\include" /I"C:\Harmonus_src\libs\dcmtk-3.6.0\oflog\include" /I"C:\Harmonus_src\libs\dcmtk-3.6.0\dcmdata\include" /I"C:\Harmonus_src\libs\dcmtk-3.6.0\dcmimgle\include" /I"C:\Harmonus_src\libs\dcmtk-3.6.0\dcmimage\include" /I"C:\Harmonus_src\libs\dcmtk-3.6.0\dcmjpeg\libijg8" /I"C:\Harmonus_src\libs\dcmtk-3.6.0\dcmjpeg\libijg12" /I"C:\Harmonus_src\libs\dcmtk-3.6.0\dcmjpeg\libijg16" /I"C:\Harmonus_src\libs\dcmtk-3.6.0\dcmjpeg\include" /I"C:\Harmonus_src\libs\dcmtk-3.6.0\dcmjpls\include" /I"C:\Harmonus_src\libs\dcmtk-3.6.0\dcmnet\include" /I"C:\Harmonus_src\libs\dcmtk-3.6.0\dcmpstat\include" /I"C:\Harmonus_src\libs\dcmtk-3.6.0\dcmqrdb\include" /I"C:\Harmonus_src\libs\dcmtk-3.6.0\dcmsign\include" /I"C:\Harmonus_src\libs\dcmtk-3.6.0\dcmsr\include" /I"C:\Harmonus_src\libs\dcmtk-3.6.0\dcmtls\include" /I"C:\Harmonus_src\libs\dcmtk-3.6.0\dcmwlm\include" /nologo /W3 /WX- /O2 /Ob2 /D WIN32 /D _WINDOWS /D NDEBUG /D USE_NULL_SAFE_OFSTRING /D _CRT_FAR_MAPPINGS_NO_DEPRECATE /D _CRT_IS_WCTYPE_NO_DEPRECATE /D _CRT_MANAGED_FP_NO_DEPRECATE /D _CRT_NONSTDC_NO_DEPRECATE /D _CRT_SECURE_NO_DEPRECATE /D _CRT_SECURE_NO_DEPRECATE_GLOBALS /D _CRT_SETERRORMODE_BEEP_SLEEP_NO_DEPRECATE /D _CRT_TIME_FUNCTIONS_NO_DEPRECATE /D _CRT_VCCLRIT_NO_DEPRECATE /D _SCL_SECURE_NO_DEPRECATE /D _REENTRANT /D "CMAKE_INTDIR=\"Release\"" /D _MBCS /Gm- /EHsc /MD /GS /fp:precise /Zc:wchar_t /Zc:forScope /GR /Fo"dump2dcm.dir\Release\\" /Fd"dump2dcm.dir\Release\vc120.pdb" /Gd /TP /errorReport:prompt "C:\Harmonus_src\libs\dcmtk-3.6.0\dcmdata\apps\dump2dcm.cc"
         dump2dcm.cc
     1>C:\Harmonus_src\libs\dcmtk-3.6.0\dcmdata\apps\dump2dcm.cc(167): warning C4267: '=' : conversion from 'size_t' to 'int', possible loss of data
     1>C:\Harmonus_src\libs\dcmtk-3.6.0\dcmdata\apps\dump2dcm.cc(189): warning C4267: 'initializing' : conversion from 'size_t' to 'int', possible loss of data
     1>C:\Harmonus_src\libs\dcmtk-3.6.0\dcmdata\apps\dump2dcm.cc(224): warning C4267: 'initializing' : conversion from 'size_t' to 'int', possible loss of data
     1>C:\Harmonus_src\libs\dcmtk-3.6.0\dcmdata\apps\dump2dcm.cc(243): warning C4244: 'initializing' : conversion from '__int64' to 'int', possible loss of data
     1>C:\Harmonus_src\libs\dcmtk-3.6.0\dcmdata\apps\dump2dcm.cc(319): warning C4244: 'return' : conversion from '__int64' to 'int', possible loss of data
     1>C:\Harmonus_src\libs\dcmtk-3.6.0\dcmdata\apps\dump2dcm.cc(330): warning C4244: 'return' : conversion from '__int64' to 'int', possible loss of data
     1>C:\Harmonus_src\libs\dcmtk-3.6.0\dcmdata\apps\dump2dcm.cc(332): warning C4267: 'return' : conversion from 'size_t' to 'int', possible loss of data
     1>C:\Harmonus_src\libs\dcmtk-3.6.0\dcmdata\apps\dump2dcm.cc(343): warning C4267: 'initializing' : conversion from 'size_t' to 'int', possible loss of data
     1>C:\Harmonus_src\libs\dcmtk-3.6.0\dcmdata\apps\dump2dcm.cc(461): warning C4267: 'initializing' : conversion from 'size_t' to 'unsigned long', possible loss of data
       Link:
         C:\Program Files (x86)\Microsoft Visual Studio 12.0\VC\bin\x86_amd64\link.exe /ERRORREPORT:PROMPT /OUT:"C:\Harmonus_src\libs\dcmtk-3.6.0-HAR_B\dcmdata\apps\Release\dump2dcm.exe" /INCREMENTAL:NO /NOLOGO /LIBPATH:"C:/Harmonus_src/libs/dcmtk-3.6.0-HAR_B/dcmdata" /LIBPATH:"C:/Harmonus_src/libs/dcmtk-3.6.0-HAR_B/dcmdata/Release" /LIBPATH:"C:/Harmonus_src/libs/dcmtk-3.6.0-HAR_B/ofstd" /LIBPATH:"C:/Harmonus_src/libs/dcmtk-3.6.0-HAR_B/ofstd/Release" /LIBPATH:"C:/Harmonus_src/libs/dcmtk-3.6.0-HAR_B/oflog" /LIBPATH:"C:/Harmonus_src/libs/dcmtk-3.6.0-HAR_B/oflog/Release" kernel32.lib user32.lib gdi32.lib winspool.lib shell32.lib ole32.lib oleaut32.lib uuid.lib comdlg32.lib advapi32.lib ..\libsrc\Release\dcmdata.lib ..\..\oflog\libsrc\Release\oflog.lib ..\..\ofstd\libsrc\Release\ofstd.lib ws2_32.lib netapi32.lib wsock32.lib /MANIFEST /MANIFESTUAC:"level='asInvoker' uiAccess='false'" /manifest:embed /PDB:"C:/Harmonus_src/libs/dcmtk-3.6.0-HAR_B/dcmdata/apps/Release/dump2dcm.pdb" /SUBSYSTEM:CONSOLE /TLBID:1 /DYNAMICBASE /NXCOMPAT /IMPLIB:"C:/Harmonus_src/libs/dcmtk-3.6.0-HAR_B/dcmdata/apps/Release/dump2dcm.lib" /MACHINE:X64  /machine:x64 dump2dcm.dir\Release\dump2dcm.obj
         dump2dcm.vcxproj -> C:\Harmonus_src\libs\dcmtk-3.6.0-HAR_B\dcmdata\apps\Release\dump2dcm.exe
     1>Done Building Project "C:\Harmonus_src\libs\dcmtk-3.6.0-HAR_B\dcmdata\apps\dump2dcm.vcxproj" (Build target(s)).

Build succeeded.

Time Elapsed 00:00:05.26
