Build started 7/1/2016 9:31:10 AM.
     1>Project "C:\Harmonus_src\libs\dcmtk-3.6.0-HAR_B\dcmjpeg\libsrc\dcmjpeg.vcxproj" on node 4 (Build target(s)).
     1>CustomBuild:
         Building Custom Rule C:/Harmonus_src/libs/dcmtk-3.6.0/dcmjpeg/libsrc/CMakeLists.txt
         CMake does not need to re-run because C:\Harmonus_src\libs\dcmtk-3.6.0-HAR_B\dcmjpeg\libsrc\CMakeFiles\generate.stamp is up-to-date.
       ClCompile:
         C:\Program Files (x86)\Microsoft Visual Studio 12.0\VC\bin\x86_amd64\CL.exe /c /I"C:\Harmonus_src\libs\dcmtk-3.6.0-HAR_B\include" /I"C:\Harmonus_src\libs\dcmtk-3.6.0\ofstd\include" /I"C:\Harmonus_src\libs\dcmtk-3.6.0\oflog\include" /I"C:\Harmonus_src\libs\dcmtk-3.6.0\dcmdata\include" /I"C:\Harmonus_src\libs\dcmtk-3.6.0\dcmimgle\include" /I"C:\Harmonus_src\libs\dcmtk-3.6.0\dcmimage\include" /I"C:\Harmonus_src\libs\dcmtk-3.6.0\dcmjpeg\libijg8" /I"C:\Harmonus_src\libs\dcmtk-3.6.0\dcmjpeg\libijg12" /I"C:\Harmonus_src\libs\dcmtk-3.6.0\dcmjpeg\libijg16" /I"C:\Harmonus_src\libs\dcmtk-3.6.0\dcmjpeg\include" /I"C:\Harmonus_src\libs\dcmtk-3.6.0\dcmjpls\include" /I"C:\Harmonus_src\libs\dcmtk-3.6.0\dcmnet\include" /I"C:\Harmonus_src\libs\dcmtk-3.6.0\dcmpstat\include" /I"C:\Harmonus_src\libs\dcmtk-3.6.0\dcmqrdb\include" /I"C:\Harmonus_src\libs\dcmtk-3.6.0\dcmsign\include" /I"C:\Harmonus_src\libs\dcmtk-3.6.0\dcmsr\include" /I"C:\Harmonus_src\libs\dcmtk-3.6.0\dcmtls\include" /I"C:\Harmonus_src\libs\dcmtk-3.6.0\dcmwlm\include" /nologo /W3 /WX- /O2 /Ob2 /D WIN32 /D _WINDOWS /D NDEBUG /D USE_NULL_SAFE_OFSTRING /D _CRT_FAR_MAPPINGS_NO_DEPRECATE /D _CRT_IS_WCTYPE_NO_DEPRECATE /D _CRT_MANAGED_FP_NO_DEPRECATE /D _CRT_NONSTDC_NO_DEPRECATE /D _CRT_SECURE_NO_DEPRECATE /D _CRT_SECURE_NO_DEPRECATE_GLOBALS /D _CRT_SETERRORMODE_BEEP_SLEEP_NO_DEPRECATE /D _CRT_TIME_FUNCTIONS_NO_DEPRECATE /D _CRT_VCCLRIT_NO_DEPRECATE /D _SCL_SECURE_NO_DEPRECATE /D _REENTRANT /D "CMAKE_INTDIR=\"Release\"" /D _MBCS /Gm- /EHsc /MD /GS /fp:precise /Zc:wchar_t /Zc:forScope /GR /Fo"dcmjpeg.dir\Release\\" /Fd"dcmjpeg.dir\Release\vc120.pdb" /Gd /TP /errorReport:prompt "C:\Harmonus_src\libs\dcmtk-3.6.0\dcmjpeg\libsrc\ddpiimpl.cc" "C:\Harmonus_src\libs\dcmtk-3.6.0\dcmjpeg\libsrc\dipijpeg.cc" "C:\Harmonus_src\libs\dcmtk-3.6.0\dcmjpeg\libsrc\djcodecd.cc" "C:\Harmonus_src\libs\dcmtk-3.6.0\dcmjpeg\libsrc\djcodece.cc" "C:\Harmonus_src\libs\dcmtk-3.6.0\dcmjpeg\libsrc\djcparam.cc" "C:\Harmonus_src\libs\dcmtk-3.6.0\dcmjpeg\libsrc\djdecbas.cc" "C:\Harmonus_src\libs\dcmtk-3.6.0\dcmjpeg\libsrc\djdecext.cc" "C:\Harmonus_src\libs\dcmtk-3.6.0\dcmjpeg\libsrc\djdeclol.cc" "C:\Harmonus_src\libs\dcmtk-3.6.0\dcmjpeg\libsrc\djdecode.cc" "C:\Harmonus_src\libs\dcmtk-3.6.0\dcmjpeg\libsrc\djdecpro.cc" "C:\Harmonus_src\libs\dcmtk-3.6.0\dcmjpeg\libsrc\djdecsps.cc" "C:\Harmonus_src\libs\dcmtk-3.6.0\dcmjpeg\libsrc\djdecsv1.cc" "C:\Harmonus_src\libs\dcmtk-3.6.0\dcmjpeg\libsrc\djdijg12.cc" "C:\Harmonus_src\libs\dcmtk-3.6.0\dcmjpeg\libsrc\djdijg8.cc" "C:\Harmonus_src\libs\dcmtk-3.6.0\dcmjpeg\libsrc\djdijg16.cc" "C:\Harmonus_src\libs\dcmtk-3.6.0\dcmjpeg\libsrc\djeijg12.cc" "C:\Harmonus_src\libs\dcmtk-3.6.0\dcmjpeg\libsrc\djeijg8.cc" "C:\Harmonus_src\libs\dcmtk-3.6.0\dcmjpeg\libsrc\djeijg16.cc" "C:\Harmonus_src\libs\dcmtk-3.6.0\dcmjpeg\libsrc\djencbas.cc" "C:\Harmonus_src\libs\dcmtk-3.6.0\dcmjpeg\libsrc\djencext.cc" "C:\Harmonus_src\libs\dcmtk-3.6.0\dcmjpeg\libsrc\djenclol.cc" "C:\Harmonus_src\libs\dcmtk-3.6.0\dcmjpeg\libsrc\djencode.cc" "C:\Harmonus_src\libs\dcmtk-3.6.0\dcmjpeg\libsrc\djencpro.cc" "C:\Harmonus_src\libs\dcmtk-3.6.0\dcmjpeg\libsrc\djencsps.cc" "C:\Harmonus_src\libs\dcmtk-3.6.0\dcmjpeg\libsrc\djencsv1.cc" "C:\Harmonus_src\libs\dcmtk-3.6.0\dcmjpeg\libsrc\djrplol.cc" "C:\Harmonus_src\libs\dcmtk-3.6.0\dcmjpeg\libsrc\djrploss.cc" "C:\Harmonus_src\libs\dcmtk-3.6.0\dcmjpeg\libsrc\djutils.cc"
         ddpiimpl.cc
         dipijpeg.cc
         djcodecd.cc
         djcodece.cc
         djcparam.cc
         djdecbas.cc
         djdecext.cc
         djdeclol.cc
         djdecode.cc
         djdecpro.cc
         djdecsps.cc
         djdecsv1.cc
         djdijg12.cc
     1>C:\Harmonus_src\libs\dcmtk-3.6.0\dcmjpeg\libsrc\djdijg12.cc(145): warning C4267: '-=' : conversion from 'size_t' to 'long', possible loss of data
     1>C:\Harmonus_src\libs\dcmtk-3.6.0\dcmjpeg\libsrc\djdijg12.cc(173): warning C4267: '=' : conversion from 'size_t' to 'long', possible loss of data
         djdijg8.cc
     1>C:\Harmonus_src\libs\dcmtk-3.6.0\dcmjpeg\libsrc\djdijg8.cc(145): warning C4267: '-=' : conversion from 'size_t' to 'long', possible loss of data
     1>C:\Harmonus_src\libs\dcmtk-3.6.0\dcmjpeg\libsrc\djdijg8.cc(173): warning C4267: '=' : conversion from 'size_t' to 'long', possible loss of data
         djdijg16.cc
     1>C:\Harmonus_src\libs\dcmtk-3.6.0\dcmjpeg\libsrc\djdijg16.cc(145): warning C4267: '-=' : conversion from 'size_t' to 'long', possible loss of data
     1>C:\Harmonus_src\libs\dcmtk-3.6.0\dcmjpeg\libsrc\djdijg16.cc(173): warning C4267: '=' : conversion from 'size_t' to 'long', possible loss of data
         djeijg12.cc
     1>C:\Harmonus_src\libs\dcmtk-3.6.0\dcmjpeg\libsrc\djeijg12.cc(450): warning C4267: '=' : conversion from 'size_t' to 'Uint32', possible loss of data
     1>C:\Harmonus_src\libs\dcmtk-3.6.0\dcmjpeg\libsrc\djeijg12.cc(451): warning C4267: '+=' : conversion from 'size_t' to 'Uint32', possible loss of data
         djeijg8.cc
     1>C:\Harmonus_src\libs\dcmtk-3.6.0\dcmjpeg\libsrc\djeijg8.cc(452): warning C4267: '=' : conversion from 'size_t' to 'Uint32', possible loss of data
     1>C:\Harmonus_src\libs\dcmtk-3.6.0\dcmjpeg\libsrc\djeijg8.cc(453): warning C4267: '+=' : conversion from 'size_t' to 'Uint32', possible loss of data
         djeijg16.cc
     1>C:\Harmonus_src\libs\dcmtk-3.6.0\dcmjpeg\libsrc\djeijg16.cc(289): warning C4267: '=' : conversion from 'size_t' to 'Uint32', possible loss of data
     1>C:\Harmonus_src\libs\dcmtk-3.6.0\dcmjpeg\libsrc\djeijg16.cc(290): warning C4267: '+=' : conversion from 'size_t' to 'Uint32', possible loss of data
         djencbas.cc
         djencext.cc
         Generating Code...
         Compiling...
         djenclol.cc
         djencode.cc
         djencpro.cc
         djencsps.cc
         djencsv1.cc
         djrplol.cc
         djrploss.cc
         djutils.cc
         Generating Code...
       Lib:
         C:\Program Files (x86)\Microsoft Visual Studio 12.0\VC\bin\x86_amd64\Lib.exe /OUT:"C:\Harmonus_src\libs\dcmtk-3.6.0-HAR_B\dcmjpeg\libsrc\Release\dcmjpeg.lib" /NOLOGO /MACHINE:X64  /machine:x64 dcmjpeg.dir\Release\ddpiimpl.obj
         dcmjpeg.dir\Release\dipijpeg.obj
         dcmjpeg.dir\Release\djcodecd.obj
         dcmjpeg.dir\Release\djcodece.obj
         dcmjpeg.dir\Release\djcparam.obj
         dcmjpeg.dir\Release\djdecbas.obj
         dcmjpeg.dir\Release\djdecext.obj
         dcmjpeg.dir\Release\djdeclol.obj
         dcmjpeg.dir\Release\djdecode.obj
         dcmjpeg.dir\Release\djdecpro.obj
         dcmjpeg.dir\Release\djdecsps.obj
         dcmjpeg.dir\Release\djdecsv1.obj
         dcmjpeg.dir\Release\djdijg12.obj
         dcmjpeg.dir\Release\djdijg8.obj
         dcmjpeg.dir\Release\djdijg16.obj
         dcmjpeg.dir\Release\djeijg12.obj
         dcmjpeg.dir\Release\djeijg8.obj
         dcmjpeg.dir\Release\djeijg16.obj
         dcmjpeg.dir\Release\djencbas.obj
         dcmjpeg.dir\Release\djencext.obj
         dcmjpeg.dir\Release\djenclol.obj
         dcmjpeg.dir\Release\djencode.obj
         dcmjpeg.dir\Release\djencpro.obj
         dcmjpeg.dir\Release\djencsps.obj
         dcmjpeg.dir\Release\djencsv1.obj
         dcmjpeg.dir\Release\djrplol.obj
         dcmjpeg.dir\Release\djrploss.obj
         dcmjpeg.dir\Release\djutils.obj
         dcmjpeg.vcxproj -> C:\Harmonus_src\libs\dcmtk-3.6.0-HAR_B\dcmjpeg\libsrc\Release\dcmjpeg.lib
     1>Done Building Project "C:\Harmonus_src\libs\dcmtk-3.6.0-HAR_B\dcmjpeg\libsrc\dcmjpeg.vcxproj" (Build target(s)).

Build succeeded.

Time Elapsed 00:01:52.54
