Build started 7/1/2016 9:33:13 AM.
     1>Project "C:\Harmonus_src\libs\dcmtk-3.6.0-HAR_B\dcmdata\libi2d\libi2d.vcxproj" on node 3 (Build target(s)).
     1>CustomBuild:
         Building Custom Rule C:/Harmonus_src/libs/dcmtk-3.6.0/dcmdata/libi2d/CMakeLists.txt
         CMake does not need to re-run because C:\Harmonus_src\libs\dcmtk-3.6.0-HAR_B\dcmdata\libi2d\CMakeFiles\generate.stamp is up-to-date.
       ClCompile:
         C:\Program Files (x86)\Microsoft Visual Studio 12.0\VC\bin\x86_amd64\CL.exe /c /I"C:\Harmonus_src\libs\dcmtk-3.6.0-HAR_B\include" /I"C:\Harmonus_src\libs\dcmtk-3.6.0\ofstd\include" /I"C:\Harmonus_src\libs\dcmtk-3.6.0\oflog\include" /I"C:\Harmonus_src\libs\dcmtk-3.6.0\dcmdata\include" /I"C:\Harmonus_src\libs\dcmtk-3.6.0\dcmimgle\include" /I"C:\Harmonus_src\libs\dcmtk-3.6.0\dcmimage\include" /I"C:\Harmonus_src\libs\dcmtk-3.6.0\dcmjpeg\libijg8" /I"C:\Harmonus_src\libs\dcmtk-3.6.0\dcmjpeg\libijg12" /I"C:\Harmonus_src\libs\dcmtk-3.6.0\dcmjpeg\libijg16" /I"C:\Harmonus_src\libs\dcmtk-3.6.0\dcmjpeg\include" /I"C:\Harmonus_src\libs\dcmtk-3.6.0\dcmjpls\include" /I"C:\Harmonus_src\libs\dcmtk-3.6.0\dcmnet\include" /I"C:\Harmonus_src\libs\dcmtk-3.6.0\dcmpstat\include" /I"C:\Harmonus_src\libs\dcmtk-3.6.0\dcmqrdb\include" /I"C:\Harmonus_src\libs\dcmtk-3.6.0\dcmsign\include" /I"C:\Harmonus_src\libs\dcmtk-3.6.0\dcmsr\include" /I"C:\Harmonus_src\libs\dcmtk-3.6.0\dcmtls\include" /I"C:\Harmonus_src\libs\dcmtk-3.6.0\dcmwlm\include" /nologo /W3 /WX- /O2 /Ob2 /D WIN32 /D _WINDOWS /D NDEBUG /D USE_NULL_SAFE_OFSTRING /D _CRT_FAR_MAPPINGS_NO_DEPRECATE /D _CRT_IS_WCTYPE_NO_DEPRECATE /D _CRT_MANAGED_FP_NO_DEPRECATE /D _CRT_NONSTDC_NO_DEPRECATE /D _CRT_SECURE_NO_DEPRECATE /D _CRT_SECURE_NO_DEPRECATE_GLOBALS /D _CRT_SETERRORMODE_BEEP_SLEEP_NO_DEPRECATE /D _CRT_TIME_FUNCTIONS_NO_DEPRECATE /D _CRT_VCCLRIT_NO_DEPRECATE /D _SCL_SECURE_NO_DEPRECATE /D _REENTRANT /D "CMAKE_INTDIR=\"Release\"" /D _MBCS /Gm- /EHsc /MD /GS /fp:precise /Zc:wchar_t /Zc:forScope /GR /Fo"libi2d.dir\Release\\" /Fd"libi2d.dir\Release\vc120.pdb" /Gd /TP /errorReport:prompt "C:\Harmonus_src\libs\dcmtk-3.6.0\dcmdata\libi2d\i2d.cc" "C:\Harmonus_src\libs\dcmtk-3.6.0\dcmdata\libi2d\i2dplvlp.cc" "C:\Harmonus_src\libs\dcmtk-3.6.0\dcmdata\libi2d\i2djpgs.cc" "C:\Harmonus_src\libs\dcmtk-3.6.0\dcmdata\libi2d\i2dbmps.cc" "C:\Harmonus_src\libs\dcmtk-3.6.0\dcmdata\libi2d\i2dplsc.cc" "C:\Harmonus_src\libs\dcmtk-3.6.0\dcmdata\libi2d\i2dplnsc.cc"
         i2d.cc
         i2dplvlp.cc
         i2djpgs.cc
     1>C:\Harmonus_src\libs\dcmtk-3.6.0\dcmdata\libi2d\i2djpgs.cc(402): warning C4309: 'static_cast' : truncation of constant value
     1>C:\Harmonus_src\libs\dcmtk-3.6.0\dcmdata\libi2d\i2djpgs.cc(522): warning C4309: 'static_cast' : truncation of constant value
     1>C:\Harmonus_src\libs\dcmtk-3.6.0\dcmdata\libi2d\i2djpgs.cc(556): warning C4267: 'initializing' : conversion from 'size_t' to 'int', possible loss of data
     1>C:\Harmonus_src\libs\dcmtk-3.6.0\dcmdata\libi2d\i2djpgs.cc(567): warning C4267: '=' : conversion from 'size_t' to 'Uint32', possible loss of data
         i2dbmps.cc
         i2dplsc.cc
         i2dplnsc.cc
         Generating Code...
       Lib:
         C:\Program Files (x86)\Microsoft Visual Studio 12.0\VC\bin\x86_amd64\Lib.exe /OUT:"C:\Harmonus_src\libs\dcmtk-3.6.0-HAR_B\dcmdata\libi2d\Release\libi2d.lib" /NOLOGO /MACHINE:X64  /machine:x64 libi2d.dir\Release\i2d.obj
         libi2d.dir\Release\i2dplvlp.obj
         libi2d.dir\Release\i2djpgs.obj
         libi2d.dir\Release\i2dbmps.obj
         libi2d.dir\Release\i2dplsc.obj
         libi2d.dir\Release\i2dplnsc.obj
         libi2d.vcxproj -> C:\Harmonus_src\libs\dcmtk-3.6.0-HAR_B\dcmdata\libi2d\Release\libi2d.lib
     1>Done Building Project "C:\Harmonus_src\libs\dcmtk-3.6.0-HAR_B\dcmdata\libi2d\libi2d.vcxproj" (Build target(s)).

Build succeeded.

Time Elapsed 00:00:13.86
