Build started 7/1/2016 9:31:13 AM.
     1>Project "C:\Harmonus_src\libs\dcmtk-3.6.0-HAR_B\dcmjpls\libsrc\dcmjpls.vcxproj" on node 5 (Build target(s)).
     1>CustomBuild:
         Building Custom Rule C:/Harmonus_src/libs/dcmtk-3.6.0/dcmjpls/libsrc/CMakeLists.txt
         CMake does not need to re-run because C:\Harmonus_src\libs\dcmtk-3.6.0-HAR_B\dcmjpls\libsrc\CMakeFiles\generate.stamp is up-to-date.
       ClCompile:
         C:\Program Files (x86)\Microsoft Visual Studio 12.0\VC\bin\x86_amd64\CL.exe /c /I"C:\Harmonus_src\libs\dcmtk-3.6.0-HAR_B\include" /I"C:\Harmonus_src\libs\dcmtk-3.6.0\ofstd\include" /I"C:\Harmonus_src\libs\dcmtk-3.6.0\oflog\include" /I"C:\Harmonus_src\libs\dcmtk-3.6.0\dcmdata\include" /I"C:\Harmonus_src\libs\dcmtk-3.6.0\dcmimgle\include" /I"C:\Harmonus_src\libs\dcmtk-3.6.0\dcmimage\include" /I"C:\Harmonus_src\libs\dcmtk-3.6.0\dcmjpeg\libijg8" /I"C:\Harmonus_src\libs\dcmtk-3.6.0\dcmjpeg\libijg12" /I"C:\Harmonus_src\libs\dcmtk-3.6.0\dcmjpeg\libijg16" /I"C:\Harmonus_src\libs\dcmtk-3.6.0\dcmjpeg\include" /I"C:\Harmonus_src\libs\dcmtk-3.6.0\dcmjpls\include" /I"C:\Harmonus_src\libs\dcmtk-3.6.0\dcmnet\include" /I"C:\Harmonus_src\libs\dcmtk-3.6.0\dcmpstat\include" /I"C:\Harmonus_src\libs\dcmtk-3.6.0\dcmqrdb\include" /I"C:\Harmonus_src\libs\dcmtk-3.6.0\dcmsign\include" /I"C:\Harmonus_src\libs\dcmtk-3.6.0\dcmsr\include" /I"C:\Harmonus_src\libs\dcmtk-3.6.0\dcmtls\include" /I"C:\Harmonus_src\libs\dcmtk-3.6.0\dcmwlm\include" /I"C:\Harmonus_src\libs\dcmtk-3.6.0\dcmjpls\libcharls" /nologo /W3 /WX- /O2 /Ob2 /D WIN32 /D _WINDOWS /D NDEBUG /D USE_NULL_SAFE_OFSTRING /D _CRT_FAR_MAPPINGS_NO_DEPRECATE /D _CRT_IS_WCTYPE_NO_DEPRECATE /D _CRT_MANAGED_FP_NO_DEPRECATE /D _CRT_NONSTDC_NO_DEPRECATE /D _CRT_SECURE_NO_DEPRECATE /D _CRT_SECURE_NO_DEPRECATE_GLOBALS /D _CRT_SETERRORMODE_BEEP_SLEEP_NO_DEPRECATE /D _CRT_TIME_FUNCTIONS_NO_DEPRECATE /D _CRT_VCCLRIT_NO_DEPRECATE /D _SCL_SECURE_NO_DEPRECATE /D _REENTRANT /D "CMAKE_INTDIR=\"Release\"" /D _MBCS /Gm- /EHsc /MD /GS /fp:precise /Zc:wchar_t /Zc:forScope /GR /Fo"dcmjpls.dir\Release\\" /Fd"dcmjpls.dir\Release\vc120.pdb" /Gd /TP /errorReport:prompt "C:\Harmonus_src\libs\dcmtk-3.6.0\dcmjpls\libsrc\djcparam.cc" "C:\Harmonus_src\libs\dcmtk-3.6.0\dcmjpls\libsrc\djdecode.cc" "C:\Harmonus_src\libs\dcmtk-3.6.0\dcmjpls\libsrc\djencode.cc" "C:\Harmonus_src\libs\dcmtk-3.6.0\dcmjpls\libsrc\djrparam.cc" "C:\Harmonus_src\libs\dcmtk-3.6.0\dcmjpls\libsrc\djcodecd.cc" "C:\Harmonus_src\libs\dcmtk-3.6.0\dcmjpls\libsrc\djutils.cc" "C:\Harmonus_src\libs\dcmtk-3.6.0\dcmjpls\libsrc\djcodece.cc"
         djcparam.cc
         djdecode.cc
         djencode.cc
         djrparam.cc
         djcodecd.cc
         djutils.cc
         djcodece.cc
     1>C:\Harmonus_src\libs\dcmtk-3.6.0\dcmjpls\libsrc\djcodece.cc(679): warning C4267: '=' : conversion from 'size_t' to 'unsigned long', possible loss of data
     1>C:\Harmonus_src\libs\dcmtk-3.6.0\dcmjpls\libsrc\djcodece.cc(680): warning C4267: 'argument' : conversion from 'size_t' to 'Uint32', possible loss of data
     1>C:\Harmonus_src\libs\dcmtk-3.6.0\dcmjpls\libsrc\djcodece.cc(1076): warning C4267: '=' : conversion from 'size_t' to 'unsigned long', possible loss of data
     1>C:\Harmonus_src\libs\dcmtk-3.6.0\dcmjpls\libsrc\djcodece.cc(1077): warning C4267: 'argument' : conversion from 'size_t' to 'Uint32', possible loss of data
         Generating Code...
       Lib:
         C:\Program Files (x86)\Microsoft Visual Studio 12.0\VC\bin\x86_amd64\Lib.exe /OUT:"C:\Harmonus_src\libs\dcmtk-3.6.0-HAR_B\dcmjpls\libsrc\Release\dcmjpls.lib" /NOLOGO /MACHINE:X64  /machine:x64 dcmjpls.dir\Release\djcparam.obj
         dcmjpls.dir\Release\djdecode.obj
         dcmjpls.dir\Release\djencode.obj
         dcmjpls.dir\Release\djrparam.obj
         dcmjpls.dir\Release\djcodecd.obj
         dcmjpls.dir\Release\djutils.obj
         dcmjpls.dir\Release\djcodece.obj
         dcmjpls.vcxproj -> C:\Harmonus_src\libs\dcmtk-3.6.0-HAR_B\dcmjpls\libsrc\Release\dcmjpls.lib
     1>Done Building Project "C:\Harmonus_src\libs\dcmtk-3.6.0-HAR_B\dcmjpls\libsrc\dcmjpls.vcxproj" (Build target(s)).

Build succeeded.

Time Elapsed 00:00:22.82
